0 info it worked if it ends with ok
1 verbose cli [ 'C:\\Program Files\\nodejs\\node.exe',
1 verbose cli   'C:\\Program Files\\nodejs\\node_modules\\npm\\bin\\npm-cli.js',
1 verbose cli   'install',
1 verbose cli   '--save',
1 verbose cli   'normalize-scss' ]
2 info using npm@3.3.12
3 info using node@v5.1.0
4 silly loadCurrentTree Starting
5 silly install loadCurrentTree
6 silly install readLocalPackageData
7 silly fetchPackageMetaData normalize-scss
8 silly fetchNamedPackageData normalize-scss
9 silly mapToRegistry name normalize-scss
10 silly mapToRegistry using default registry
11 silly mapToRegistry registry https://registry.npmjs.org/
12 silly mapToRegistry uri https://registry.npmjs.org/normalize-scss
13 verbose request uri https://registry.npmjs.org/normalize-scss
14 verbose request no auth needed
15 info attempt registry request try #1 at 21:56:59
16 verbose request id 1df4663127c093f6
17 http request GET https://registry.npmjs.org/normalize-scss
18 http 200 https://registry.npmjs.org/normalize-scss
19 verbose headers { server: 'CouchDB/1.5.0 (Erlang OTP/R16B03)',
19 verbose headers   etag: '"943MS42AOBB14L5T3CF42OCCK"',
19 verbose headers   'content-type': 'application/json',
19 verbose headers   'cache-control': 'max-age=300',
19 verbose headers   'content-length': '20186',
19 verbose headers   'accept-ranges': 'bytes',
19 verbose headers   date: 'Fri, 22 Jan 2016 18:57:05 GMT',
19 verbose headers   via: '1.1 varnish',
19 verbose headers   age: '0',
19 verbose headers   connection: 'keep-alive',
19 verbose headers   'x-served-by': 'cache-fra1226-FRA',
19 verbose headers   'x-cache': 'MISS',
19 verbose headers   'x-cache-hits': '0',
19 verbose headers   'x-timer': 'S1453489025.181242,VS0,VE104',
19 verbose headers   vary: 'Accept' }
20 silly get cb [ 200,
20 silly get   { server: 'CouchDB/1.5.0 (Erlang OTP/R16B03)',
20 silly get     etag: '"943MS42AOBB14L5T3CF42OCCK"',
20 silly get     'content-type': 'application/json',
20 silly get     'cache-control': 'max-age=300',
20 silly get     'content-length': '20186',
20 silly get     'accept-ranges': 'bytes',
20 silly get     date: 'Fri, 22 Jan 2016 18:57:05 GMT',
20 silly get     via: '1.1 varnish',
20 silly get     age: '0',
20 silly get     connection: 'keep-alive',
20 silly get     'x-served-by': 'cache-fra1226-FRA',
20 silly get     'x-cache': 'MISS',
20 silly get     'x-cache-hits': '0',
20 silly get     'x-timer': 'S1453489025.181242,VS0,VE104',
20 silly get     vary: 'Accept' } ]
21 verbose get saving normalize-scss to C:\Users\Roma\AppData\Roaming\npm-cache\registry.npmjs.org\normalize-scss\.cache.json
22 silly install normalizeTree
23 silly loadCurrentTree Finishing
24 silly loadIdealTree Starting
25 silly install loadIdealTree
26 silly cloneCurrentTree Starting
27 silly install cloneCurrentTreeToIdealTree
28 silly cloneCurrentTree Finishing
29 silly loadShrinkwrap Starting
30 silly install loadShrinkwrap
31 silly loadShrinkwrap Finishing
32 silly loadAllDepsIntoIdealTree Starting
33 silly install loadAllDepsIntoIdealTree
34 silly resolveWithNewModule normalize-scss@4.0.3 checking installable status
35 silly cache add args [ 'normalize-scss', null ]
36 verbose cache add spec normalize-scss
37 silly cache add parsed spec Result {
37 silly cache add   raw: 'normalize-scss',
37 silly cache add   scope: null,
37 silly cache add   name: 'normalize-scss',
37 silly cache add   rawSpec: '',
37 silly cache add   spec: '*',
37 silly cache add   type: 'range' }
38 silly addNamed normalize-scss@*
39 verbose addNamed "*" is a valid semver range for normalize-scss
40 silly addNameRange { name: 'normalize-scss', range: '*', hasData: false }
41 silly mapToRegistry name normalize-scss
42 silly mapToRegistry using default registry
43 silly mapToRegistry registry https://registry.npmjs.org/
44 silly mapToRegistry uri https://registry.npmjs.org/normalize-scss
45 verbose addNameRange registry:https://registry.npmjs.org/normalize-scss not in flight; fetching
46 verbose get https://registry.npmjs.org/normalize-scss not expired, no request
47 silly addNameRange number 2 { name: 'normalize-scss', range: '*', hasData: true }
48 silly addNameRange versions [ 'normalize-scss',
48 silly addNameRange   [ '3.0.2',
48 silly addNameRange     '3.0.1-a',
48 silly addNameRange     '3.0.3',
48 silly addNameRange     '4.0.0-beta.1',
48 silly addNameRange     '4.0.0',
48 silly addNameRange     '4.0.1',
48 silly addNameRange     '4.0.2',
48 silly addNameRange     '4.0.3' ] ]
49 silly addNamed normalize-scss@4.0.3
50 verbose addNamed "4.0.3" is a plain semver version for normalize-scss
51 silly mapToRegistry name normalize-scss
52 silly mapToRegistry using default registry
53 silly mapToRegistry registry https://registry.npmjs.org/
54 silly mapToRegistry uri https://registry.npmjs.org/normalize-scss
55 verbose addRemoteTarball https://registry.npmjs.org/normalize-scss/-/normalize-scss-4.0.3.tgz not in flight; adding
56 verbose addRemoteTarball [ 'https://registry.npmjs.org/normalize-scss/-/normalize-scss-4.0.3.tgz',
56 verbose addRemoteTarball   '69b9b8a308304bcee98523372a87780f8176d7e4' ]
57 info retry fetch attempt 1 at 21:57:02
58 info attempt registry request try #1 at 21:57:02
59 http fetch GET https://registry.npmjs.org/normalize-scss/-/normalize-scss-4.0.3.tgz
60 http fetch 200 https://registry.npmjs.org/normalize-scss/-/normalize-scss-4.0.3.tgz
61 silly fetchAndShaCheck shasum 69b9b8a308304bcee98523372a87780f8176d7e4
62 verbose addTmpTarball C:\Users\Roma\AppData\Local\Temp\npm-10272-4ae6850a\registry.npmjs.org\normalize-scss\-\normalize-scss-4.0.3.tgz not in flight; adding
63 verbose addTmpTarball already have metadata; skipping unpack for normalize-scss@4.0.3
64 silly cache afterAdd normalize-scss@4.0.3
65 verbose afterAdd C:\Users\Roma\AppData\Roaming\npm-cache\normalize-scss\4.0.3\package\package.json not in flight; writing
66 verbose afterAdd C:\Users\Roma\AppData\Roaming\npm-cache\normalize-scss\4.0.3\package\package.json written
67 silly fetchNamedPackageData support-for
68 silly mapToRegistry name support-for
69 silly mapToRegistry using default registry
70 silly mapToRegistry registry https://registry.npmjs.org/
71 silly mapToRegistry uri https://registry.npmjs.org/support-for
72 verbose request uri https://registry.npmjs.org/support-for
73 verbose request no auth needed
74 info attempt registry request try #1 at 21:57:02
75 http request GET https://registry.npmjs.org/support-for
76 http 200 https://registry.npmjs.org/support-for
77 verbose headers { server: 'CouchDB/1.5.0 (Erlang OTP/R16B03)',
77 verbose headers   etag: '"23LD7R2OMXMGP2I9KGGM27DEY"',
77 verbose headers   'content-type': 'application/json',
77 verbose headers   'cache-control': 'max-age=300',
77 verbose headers   'content-length': '10912',
77 verbose headers   'accept-ranges': 'bytes',
77 verbose headers   date: 'Fri, 22 Jan 2016 18:57:07 GMT',
77 verbose headers   via: '1.1 varnish',
77 verbose headers   age: '0',
77 verbose headers   connection: 'keep-alive',
77 verbose headers   'x-served-by': 'cache-fra1247-FRA',
77 verbose headers   'x-cache': 'MISS',
77 verbose headers   'x-cache-hits': '0',
77 verbose headers   'x-timer': 'S1453489027.076717,VS0,VE431',
77 verbose headers   vary: 'Accept' }
78 silly get cb [ 200,
78 silly get   { server: 'CouchDB/1.5.0 (Erlang OTP/R16B03)',
78 silly get     etag: '"23LD7R2OMXMGP2I9KGGM27DEY"',
78 silly get     'content-type': 'application/json',
78 silly get     'cache-control': 'max-age=300',
78 silly get     'content-length': '10912',
78 silly get     'accept-ranges': 'bytes',
78 silly get     date: 'Fri, 22 Jan 2016 18:57:07 GMT',
78 silly get     via: '1.1 varnish',
78 silly get     age: '0',
78 silly get     connection: 'keep-alive',
78 silly get     'x-served-by': 'cache-fra1247-FRA',
78 silly get     'x-cache': 'MISS',
78 silly get     'x-cache-hits': '0',
78 silly get     'x-timer': 'S1453489027.076717,VS0,VE431',
78 silly get     vary: 'Accept' } ]
79 verbose get saving support-for to C:\Users\Roma\AppData\Roaming\npm-cache\registry.npmjs.org\support-for\.cache.json
80 silly resolveWithNewModule support-for@1.0.3 checking installable status
81 silly cache add args [ 'support-for@^1.0.0', null ]
82 verbose cache add spec support-for@^1.0.0
83 silly cache add parsed spec Result {
83 silly cache add   raw: 'support-for@^1.0.0',
83 silly cache add   scope: null,
83 silly cache add   name: 'support-for',
83 silly cache add   rawSpec: '^1.0.0',
83 silly cache add   spec: '>=1.0.0 <2.0.0',
83 silly cache add   type: 'range' }
84 silly addNamed support-for@>=1.0.0 <2.0.0
85 verbose addNamed ">=1.0.0 <2.0.0" is a valid semver range for support-for
86 silly addNameRange { name: 'support-for', range: '>=1.0.0 <2.0.0', hasData: false }
87 silly mapToRegistry name support-for
88 silly mapToRegistry using default registry
89 silly mapToRegistry registry https://registry.npmjs.org/
90 silly mapToRegistry uri https://registry.npmjs.org/support-for
91 verbose addNameRange registry:https://registry.npmjs.org/support-for not in flight; fetching
92 verbose get https://registry.npmjs.org/support-for not expired, no request
93 silly addNameRange number 2 { name: 'support-for', range: '>=1.0.0 <2.0.0', hasData: true }
94 silly addNameRange versions [ 'support-for',
94 silly addNameRange   [ '1.0.0-beta.1', '1.0.0', '1.0.1', '1.0.2', '1.0.3' ] ]
95 silly addNamed support-for@1.0.3
96 verbose addNamed "1.0.3" is a plain semver version for support-for
97 silly mapToRegistry name support-for
98 silly mapToRegistry using default registry
99 silly mapToRegistry registry https://registry.npmjs.org/
100 silly mapToRegistry uri https://registry.npmjs.org/support-for
101 verbose addRemoteTarball https://registry.npmjs.org/support-for/-/support-for-1.0.3.tgz not in flight; adding
102 verbose addRemoteTarball [ 'https://registry.npmjs.org/support-for/-/support-for-1.0.3.tgz',
102 verbose addRemoteTarball   '0feef776c95afef03f21aa79e54bc5763e314940' ]
103 info retry fetch attempt 1 at 21:57:03
104 info attempt registry request try #1 at 21:57:03
105 http fetch GET https://registry.npmjs.org/support-for/-/support-for-1.0.3.tgz
106 http fetch 200 https://registry.npmjs.org/support-for/-/support-for-1.0.3.tgz
107 silly fetchAndShaCheck shasum 0feef776c95afef03f21aa79e54bc5763e314940
108 verbose addTmpTarball C:\Users\Roma\AppData\Local\Temp\npm-10272-4ae6850a\registry.npmjs.org\support-for\-\support-for-1.0.3.tgz not in flight; adding
109 verbose addTmpTarball already have metadata; skipping unpack for support-for@1.0.3
110 silly cache afterAdd support-for@1.0.3
111 verbose afterAdd C:\Users\Roma\AppData\Roaming\npm-cache\support-for\1.0.3\package\package.json not in flight; writing
112 verbose afterAdd C:\Users\Roma\AppData\Roaming\npm-cache\support-for\1.0.3\package\package.json written
113 silly fetchNamedPackageData fsevents
114 silly mapToRegistry name fsevents
115 silly mapToRegistry using default registry
116 silly mapToRegistry registry https://registry.npmjs.org/
117 silly mapToRegistry uri https://registry.npmjs.org/fsevents
118 verbose request uri https://registry.npmjs.org/fsevents
119 verbose request no auth needed
120 info attempt registry request try #1 at 21:57:04
121 verbose etag "43VWEZO0NHQR9W0RRC4SYHILN"
122 http request GET https://registry.npmjs.org/fsevents
123 http 304 https://registry.npmjs.org/fsevents
124 verbose headers { date: 'Fri, 22 Jan 2016 18:57:08 GMT',
124 verbose headers   via: '1.1 varnish',
124 verbose headers   'cache-control': 'max-age=300',
124 verbose headers   etag: '"43VWEZO0NHQR9W0RRC4SYHILN"',
124 verbose headers   age: '173',
124 verbose headers   connection: 'keep-alive',
124 verbose headers   'x-served-by': 'cache-fra1223-FRA',
124 verbose headers   'x-cache': 'HIT',
124 verbose headers   'x-cache-hits': '2',
124 verbose headers   'x-timer': 'S1453489028.470289,VS0,VE0',
124 verbose headers   vary: 'Accept' }
125 silly get cb [ 304,
125 silly get   { date: 'Fri, 22 Jan 2016 18:57:08 GMT',
125 silly get     via: '1.1 varnish',
125 silly get     'cache-control': 'max-age=300',
125 silly get     etag: '"43VWEZO0NHQR9W0RRC4SYHILN"',
125 silly get     age: '173',
125 silly get     connection: 'keep-alive',
125 silly get     'x-served-by': 'cache-fra1223-FRA',
125 silly get     'x-cache': 'HIT',
125 silly get     'x-cache-hits': '2',
125 silly get     'x-timer': 'S1453489028.470289,VS0,VE0',
125 silly get     vary: 'Accept' } ]
126 verbose etag https://registry.npmjs.org/fsevents from cache
127 verbose get saving fsevents to C:\Users\Roma\AppData\Roaming\npm-cache\registry.npmjs.org\fsevents\.cache.json
128 silly resolveWithNewModule fsevents@1.0.6 checking installable status
129 warn install Couldn't install optional dependency: Unsupported
130 verbose install Error: Unsupported
130 verbose install     at checkPlatform (C:\Program Files\nodejs\node_modules\npm\node_modules\npm-install-checks\index.js:46:14)
130 verbose install     at Array.<anonymous> (C:\Program Files\nodejs\node_modules\npm\node_modules\slide\lib\bind-actor.js:15:8)
130 verbose install     at LOOP (C:\Program Files\nodejs\node_modules\npm\node_modules\slide\lib\chain.js:15:14)
130 verbose install     at C:\Program Files\nodejs\node_modules\npm\node_modules\slide\lib\chain.js:18:7
130 verbose install     at checkEngine (C:\Program Files\nodejs\node_modules\npm\node_modules\npm-install-checks\index.js:25:10)
130 verbose install     at Array.<anonymous> (C:\Program Files\nodejs\node_modules\npm\node_modules\slide\lib\bind-actor.js:15:8)
130 verbose install     at LOOP (C:\Program Files\nodejs\node_modules\npm\node_modules\slide\lib\chain.js:15:14)
130 verbose install     at chain (C:\Program Files\nodejs\node_modules\npm\node_modules\slide\lib\chain.js:20:5)
130 verbose install     at module.exports.isInstallable (C:\Program Files\nodejs\node_modules\npm\lib\install\validate-args.js:26:3)
130 verbose install     at resolveWithNewModule (C:\Program Files\nodejs\node_modules\npm\lib\install\deps.js:452:12)
131 silly loadAllDepsIntoIdealTree Finishing
132 silly idealTree:prePrune gradproject2
132 silly idealTree:prePrune ├── acorn-globals@1.0.9
132 silly idealTree:prePrune ├── acorn@2.6.4
132 silly idealTree:prePrune ├── align-text@0.1.3
132 silly idealTree:prePrune ├── amdefine@1.0.0
132 silly idealTree:prePrune ├── ansi-green@0.1.1
132 silly idealTree:prePrune ├── ansi-regex@2.0.0
132 silly idealTree:prePrune ├── ansi-styles@2.1.0
132 silly idealTree:prePrune ├── ansi-wrap@0.1.0
132 silly idealTree:prePrune ├── anymatch@1.3.0
132 silly idealTree:prePrune ├── archy@1.0.0
132 silly idealTree:prePrune ├── arr-diff@2.0.0
132 silly idealTree:prePrune ├── arr-flatten@1.0.1
132 silly idealTree:prePrune ├── array-differ@1.0.0
132 silly idealTree:prePrune ├── array-uniq@1.0.2
132 silly idealTree:prePrune ├── array-unique@0.2.1
132 silly idealTree:prePrune ├── arrify@1.0.1
132 silly idealTree:prePrune ├── asap@1.0.0
132 silly idealTree:prePrune ├── async-each@0.1.6
132 silly idealTree:prePrune ├── async@0.2.10
132 silly idealTree:prePrune ├── balanced-match@0.3.0
132 silly idealTree:prePrune ├── beeper@1.1.0
132 silly idealTree:prePrune ├── binary-extensions@1.4.0
132 silly idealTree:prePrune ├── brace-expansion@1.1.2
132 silly idealTree:prePrune ├── braces@1.8.3
132 silly idealTree:prePrune ├── builtin-modules@1.1.0
132 silly idealTree:prePrune ├── camelcase-keys@2.0.0
132 silly idealTree:prePrune ├── camelcase@2.0.1
132 silly idealTree:prePrune ├── center-align@0.1.2
132 silly idealTree:prePrune ├── chalk@1.1.1
132 silly idealTree:prePrune ├── character-parser@1.2.1
132 silly idealTree:prePrune ├── chokidar@1.4.1
132 silly idealTree:prePrune ├─┬ clean-css@3.4.8
132 silly idealTree:prePrune │ └── commander@2.8.1
132 silly idealTree:prePrune ├─┬ cliui@2.1.0
132 silly idealTree:prePrune │ └── wordwrap@0.0.2
132 silly idealTree:prePrune ├── clone-stats@0.0.1
132 silly idealTree:prePrune ├── clone@1.0.2
132 silly idealTree:prePrune ├── commander@2.6.0
132 silly idealTree:prePrune ├── concat-map@0.0.1
132 silly idealTree:prePrune ├── constantinople@3.0.2
132 silly idealTree:prePrune ├── core-util-is@1.0.2
132 silly idealTree:prePrune ├── css-parse@1.0.4
132 silly idealTree:prePrune ├── css-stringify@1.0.5
132 silly idealTree:prePrune ├── css@1.0.8
132 silly idealTree:prePrune ├── dateformat@1.0.12
132 silly idealTree:prePrune ├── decamelize@1.1.2
132 silly idealTree:prePrune ├── defaults@1.0.3
132 silly idealTree:prePrune ├── deprecated@0.0.1
132 silly idealTree:prePrune ├─┬ duplexer2@0.0.2
132 silly idealTree:prePrune │ └── readable-stream@1.1.13
132 silly idealTree:prePrune ├── end-of-stream@0.1.5
132 silly idealTree:prePrune ├── error-ex@1.3.0
132 silly idealTree:prePrune ├── escape-string-regexp@1.0.4
132 silly idealTree:prePrune ├── expand-brackets@0.1.4
132 silly idealTree:prePrune ├── expand-range@1.8.1
132 silly idealTree:prePrune ├── extend@2.0.1
132 silly idealTree:prePrune ├── extglob@0.3.1
132 silly idealTree:prePrune ├── fancy-log@1.1.0
132 silly idealTree:prePrune ├── filename-regex@2.0.0
132 silly idealTree:prePrune ├── fill-range@2.2.3
132 silly idealTree:prePrune ├── find-index@0.1.1
132 silly idealTree:prePrune ├── find-up@1.1.0
132 silly idealTree:prePrune ├── findup-sync@0.3.0
132 silly idealTree:prePrune ├── first-chunk-stream@1.0.0
132 silly idealTree:prePrune ├── flagged-respawn@0.3.1
132 silly idealTree:prePrune ├── for-in@0.1.4
132 silly idealTree:prePrune ├── for-own@0.1.3
132 silly idealTree:prePrune ├── gaze@0.5.2
132 silly idealTree:prePrune ├── get-stdin@4.0.1
132 silly idealTree:prePrune ├── glob-base@0.3.0
132 silly idealTree:prePrune ├── glob-parent@2.0.0
132 silly idealTree:prePrune ├─┬ glob-stream@3.1.18
132 silly idealTree:prePrune │ ├── glob@4.5.3
132 silly idealTree:prePrune │ ├── readable-stream@1.0.33
132 silly idealTree:prePrune │ └── through2@0.6.5
132 silly idealTree:prePrune ├── glob-watcher@0.0.6
132 silly idealTree:prePrune ├── glob@5.0.15
132 silly idealTree:prePrune ├── glob2base@0.0.12
132 silly idealTree:prePrune ├─┬ globule@0.1.0
132 silly idealTree:prePrune │ ├── glob@3.1.21
132 silly idealTree:prePrune │ ├── graceful-fs@1.2.3
132 silly idealTree:prePrune │ ├── inherits@1.0.2
132 silly idealTree:prePrune │ └── minimatch@0.2.14
132 silly idealTree:prePrune ├── glogg@1.0.0
132 silly idealTree:prePrune ├── graceful-fs@4.1.2
132 silly idealTree:prePrune ├── graceful-readlink@1.0.1
132 silly idealTree:prePrune ├─┬ gulp-compass@2.1.0
132 silly idealTree:prePrune │ ├── readable-stream@1.0.33
132 silly idealTree:prePrune │ └── through2@0.6.5
132 silly idealTree:prePrune ├── gulp-jade@1.1.0
132 silly idealTree:prePrune ├─┬ gulp-plumber@1.0.1
132 silly idealTree:prePrune │ ├── readable-stream@1.0.33
132 silly idealTree:prePrune │ └── through2@0.6.5
132 silly idealTree:prePrune ├── gulp-util@3.0.7
132 silly idealTree:prePrune ├── gulp-watch@4.3.5
132 silly idealTree:prePrune ├─┬ gulp@3.9.0
132 silly idealTree:prePrune │ └── semver@4.3.6
132 silly idealTree:prePrune ├── gulplog@1.0.0
132 silly idealTree:prePrune ├── has-ansi@2.0.0
132 silly idealTree:prePrune ├── has-gulplog@0.1.0
132 silly idealTree:prePrune ├── hosted-git-info@2.1.4
132 silly idealTree:prePrune ├── indent-string@2.1.0
132 silly idealTree:prePrune ├── inflight@1.0.4
132 silly idealTree:prePrune ├── inherits@2.0.1
132 silly idealTree:prePrune ├── interpret@0.6.6
132 silly idealTree:prePrune ├── is-absolute@0.1.7
132 silly idealTree:prePrune ├── is-arrayish@0.2.1
132 silly idealTree:prePrune ├── is-binary-path@1.0.1
132 silly idealTree:prePrune ├── is-buffer@1.1.0
132 silly idealTree:prePrune ├── is-builtin-module@1.0.0
132 silly idealTree:prePrune ├── is-dotfile@1.0.2
132 silly idealTree:prePrune ├── is-equal-shallow@0.1.3
132 silly idealTree:prePrune ├── is-extendable@0.1.1
132 silly idealTree:prePrune ├── is-extglob@1.0.0
132 silly idealTree:prePrune ├── is-finite@1.0.1
132 silly idealTree:prePrune ├── is-glob@2.0.1
132 silly idealTree:prePrune ├─┬ is-number@2.1.0
132 silly idealTree:prePrune │ └── kind-of@3.0.2
132 silly idealTree:prePrune ├── is-primitive@2.0.0
132 silly idealTree:prePrune ├── is-promise@2.1.0
132 silly idealTree:prePrune ├── is-relative@0.1.3
132 silly idealTree:prePrune ├── is-utf8@0.2.1
132 silly idealTree:prePrune ├── isarray@0.0.1
132 silly idealTree:prePrune ├── isobject@2.0.0
132 silly idealTree:prePrune ├── jade@1.11.0
132 silly idealTree:prePrune ├── jstransformer@0.0.2
132 silly idealTree:prePrune ├── kind-of@2.0.1
132 silly idealTree:prePrune ├── lazy-cache@0.2.7
132 silly idealTree:prePrune ├── liftoff@2.2.0
132 silly idealTree:prePrune ├── load-json-file@1.1.0
132 silly idealTree:prePrune ├── lodash._basecopy@3.0.1
132 silly idealTree:prePrune ├── lodash._basetostring@3.0.1
132 silly idealTree:prePrune ├── lodash._basevalues@3.0.0
132 silly idealTree:prePrune ├── lodash._getnative@3.9.1
132 silly idealTree:prePrune ├── lodash._isiterateecall@3.0.9
132 silly idealTree:prePrune ├── lodash._reescape@3.0.0
132 silly idealTree:prePrune ├── lodash._reevaluate@3.0.0
132 silly idealTree:prePrune ├── lodash._reinterpolate@3.0.0
132 silly idealTree:prePrune ├── lodash.escape@3.0.0
132 silly idealTree:prePrune ├── lodash.isarguments@3.0.4
132 silly idealTree:prePrune ├── lodash.isarray@3.0.4
132 silly idealTree:prePrune ├── lodash.keys@3.1.2
132 silly idealTree:prePrune ├── lodash.restparam@3.6.1
132 silly idealTree:prePrune ├── lodash.template@3.6.2
132 silly idealTree:prePrune ├── lodash.templatesettings@3.1.0
132 silly idealTree:prePrune ├── lodash@1.0.2
132 silly idealTree:prePrune ├── longest@1.0.1
132 silly idealTree:prePrune ├── loud-rejection@1.2.0
132 silly idealTree:prePrune ├── lru-cache@2.7.3
132 silly idealTree:prePrune ├── map-obj@1.0.1
132 silly idealTree:prePrune ├─┬ meow@3.6.0
132 silly idealTree:prePrune │ └── object-assign@4.0.1
132 silly idealTree:prePrune ├─┬ micromatch@2.3.7
132 silly idealTree:prePrune │ └── kind-of@3.0.2
132 silly idealTree:prePrune ├── minimatch@2.0.10
132 silly idealTree:prePrune ├── minimist@1.2.0
132 silly idealTree:prePrune ├─┬ mkdirp@0.5.1
132 silly idealTree:prePrune │ └── minimist@0.0.8
132 silly idealTree:prePrune ├── multipipe@0.1.2
132 silly idealTree:prePrune ├── normalize-package-data@2.3.5
132 silly idealTree:prePrune ├── normalize-path@2.0.1
132 silly idealTree:prePrune ├── normalize-scss@4.0.3
132 silly idealTree:prePrune ├── number-is-nan@1.0.0
132 silly idealTree:prePrune ├── object-assign@3.0.0
132 silly idealTree:prePrune ├── object.omit@2.0.0
132 silly idealTree:prePrune ├── once@1.3.3
132 silly idealTree:prePrune ├── optimist@0.3.7
132 silly idealTree:prePrune ├── orchestrator@0.3.7
132 silly idealTree:prePrune ├── ordered-read-streams@0.1.0
132 silly idealTree:prePrune ├── os-homedir@1.0.1
132 silly idealTree:prePrune ├── parse-glob@3.0.4
132 silly idealTree:prePrune ├── parse-json@2.2.0
132 silly idealTree:prePrune ├── path-exists@2.1.0
132 silly idealTree:prePrune ├── path-is-absolute@1.0.0
132 silly idealTree:prePrune ├── path-type@1.1.0
132 silly idealTree:prePrune ├── pify@2.3.0
132 silly idealTree:prePrune ├── pinkie-promise@2.0.0
132 silly idealTree:prePrune ├── pinkie@2.0.1
132 silly idealTree:prePrune ├── preserve@0.2.0
132 silly idealTree:prePrune ├── pretty-hrtime@1.0.1
132 silly idealTree:prePrune ├── process-nextick-args@1.0.6
132 silly idealTree:prePrune ├── promise@6.1.0
132 silly idealTree:prePrune ├─┬ randomatic@1.1.5
132 silly idealTree:prePrune │ └── kind-of@3.0.2
132 silly idealTree:prePrune ├── read-pkg-up@1.0.1
132 silly idealTree:prePrune ├── read-pkg@1.1.0
132 silly idealTree:prePrune ├── readable-stream@2.0.5
132 silly idealTree:prePrune ├── readdirp@2.0.0
132 silly idealTree:prePrune ├── rechoir@0.6.2
132 silly idealTree:prePrune ├── redent@1.0.0
132 silly idealTree:prePrune ├── regex-cache@0.4.2
132 silly idealTree:prePrune ├── repeat-element@1.1.2
132 silly idealTree:prePrune ├── repeat-string@1.5.2
132 silly idealTree:prePrune ├── repeating@2.0.0
132 silly idealTree:prePrune ├── replace-ext@0.0.1
132 silly idealTree:prePrune ├── resolve@1.1.6
132 silly idealTree:prePrune ├── right-align@0.1.3
132 silly idealTree:prePrune ├── semver@5.1.0
132 silly idealTree:prePrune ├── sequencify@0.0.7
132 silly idealTree:prePrune ├── sigmund@1.0.1
132 silly idealTree:prePrune ├── signal-exit@2.1.2
132 silly idealTree:prePrune ├── source-map@0.4.4
132 silly idealTree:prePrune ├── sparkles@1.0.0
132 silly idealTree:prePrune ├── spdx-correct@1.0.2
132 silly idealTree:prePrune ├── spdx-exceptions@1.0.4
132 silly idealTree:prePrune ├── spdx-expression-parse@1.0.2
132 silly idealTree:prePrune ├── spdx-license-ids@1.1.0
132 silly idealTree:prePrune ├── stream-consume@0.1.0
132 silly idealTree:prePrune ├── string_decoder@0.10.31
132 silly idealTree:prePrune ├── strip-ansi@3.0.0
132 silly idealTree:prePrune ├── strip-bom-stream@1.0.0
132 silly idealTree:prePrune ├── strip-bom@2.0.0
132 silly idealTree:prePrune ├── strip-indent@1.0.1
132 silly idealTree:prePrune ├── success-symbol@0.1.0
132 silly idealTree:prePrune ├── support-for@1.0.3
132 silly idealTree:prePrune ├── supports-color@2.0.0
132 silly idealTree:prePrune ├── through2@2.0.0
132 silly idealTree:prePrune ├── tildify@1.1.2
132 silly idealTree:prePrune ├─┬ transformers@2.1.0
132 silly idealTree:prePrune │ ├── is-promise@1.0.1
132 silly idealTree:prePrune │ ├── promise@2.0.0
132 silly idealTree:prePrune │ ├── source-map@0.1.43
132 silly idealTree:prePrune │ └── uglify-js@2.2.5
132 silly idealTree:prePrune ├── trim-newlines@1.0.0
132 silly idealTree:prePrune ├─┬ uglify-js@2.6.1
132 silly idealTree:prePrune │ └── source-map@0.5.3
132 silly idealTree:prePrune ├── uglify-to-browserify@1.0.2
132 silly idealTree:prePrune ├── unique-stream@1.0.0
132 silly idealTree:prePrune ├── user-home@1.1.1
132 silly idealTree:prePrune ├── util-deprecate@1.0.2
132 silly idealTree:prePrune ├── v8flags@2.0.11
132 silly idealTree:prePrune ├── validate-npm-package-license@3.0.1
132 silly idealTree:prePrune ├─┬ vinyl-file@1.3.0
132 silly idealTree:prePrune │ └── vinyl@1.1.0
132 silly idealTree:prePrune ├─┬ vinyl-fs@0.3.14
132 silly idealTree:prePrune │ ├── clone@0.2.0
132 silly idealTree:prePrune │ ├── graceful-fs@3.0.8
132 silly idealTree:prePrune │ ├── readable-stream@1.0.33
132 silly idealTree:prePrune │ ├── strip-bom@1.0.0
132 silly idealTree:prePrune │ ├── through2@0.6.5
132 silly idealTree:prePrune │ └── vinyl@0.4.6
132 silly idealTree:prePrune ├── vinyl@0.5.3
132 silly idealTree:prePrune ├── void-elements@2.0.1
132 silly idealTree:prePrune ├── which@1.2.1
132 silly idealTree:prePrune ├── window-size@0.1.0
132 silly idealTree:prePrune ├─┬ with@4.0.3
132 silly idealTree:prePrune │ └── acorn@1.2.2
132 silly idealTree:prePrune ├── wordwrap@0.0.3
132 silly idealTree:prePrune ├── wrappy@1.0.1
132 silly idealTree:prePrune ├── xtend@4.0.1
132 silly idealTree:prePrune └─┬ yargs@3.10.0
132 silly idealTree:prePrune   └── camelcase@1.2.1
133 silly loadIdealTree Finishing
134 silly currentTree gradproject2
134 silly currentTree ├── acorn-globals@1.0.9
134 silly currentTree ├── acorn@2.6.4
134 silly currentTree ├── align-text@0.1.3
134 silly currentTree ├── amdefine@1.0.0
134 silly currentTree ├── ansi-green@0.1.1
134 silly currentTree ├── ansi-regex@2.0.0
134 silly currentTree ├── ansi-styles@2.1.0
134 silly currentTree ├── ansi-wrap@0.1.0
134 silly currentTree ├── anymatch@1.3.0
134 silly currentTree ├── archy@1.0.0
134 silly currentTree ├── arr-diff@2.0.0
134 silly currentTree ├── arr-flatten@1.0.1
134 silly currentTree ├── array-differ@1.0.0
134 silly currentTree ├── array-uniq@1.0.2
134 silly currentTree ├── array-unique@0.2.1
134 silly currentTree ├── arrify@1.0.1
134 silly currentTree ├── asap@1.0.0
134 silly currentTree ├── async-each@0.1.6
134 silly currentTree ├── async@0.2.10
134 silly currentTree ├── balanced-match@0.3.0
134 silly currentTree ├── beeper@1.1.0
134 silly currentTree ├── binary-extensions@1.4.0
134 silly currentTree ├── brace-expansion@1.1.2
134 silly currentTree ├── braces@1.8.3
134 silly currentTree ├── builtin-modules@1.1.0
134 silly currentTree ├── camelcase-keys@2.0.0
134 silly currentTree ├── camelcase@2.0.1
134 silly currentTree ├── center-align@0.1.2
134 silly currentTree ├── chalk@1.1.1
134 silly currentTree ├── character-parser@1.2.1
134 silly currentTree ├── chokidar@1.4.1
134 silly currentTree ├─┬ clean-css@3.4.8
134 silly currentTree │ └── commander@2.8.1
134 silly currentTree ├─┬ cliui@2.1.0
134 silly currentTree │ └── wordwrap@0.0.2
134 silly currentTree ├── clone-stats@0.0.1
134 silly currentTree ├── clone@1.0.2
134 silly currentTree ├── commander@2.6.0
134 silly currentTree ├── concat-map@0.0.1
134 silly currentTree ├── constantinople@3.0.2
134 silly currentTree ├── core-util-is@1.0.2
134 silly currentTree ├── css-parse@1.0.4
134 silly currentTree ├── css-stringify@1.0.5
134 silly currentTree ├── css@1.0.8
134 silly currentTree ├── dateformat@1.0.12
134 silly currentTree ├── decamelize@1.1.2
134 silly currentTree ├── defaults@1.0.3
134 silly currentTree ├── deprecated@0.0.1
134 silly currentTree ├─┬ duplexer2@0.0.2
134 silly currentTree │ └── readable-stream@1.1.13
134 silly currentTree ├── end-of-stream@0.1.5
134 silly currentTree ├── error-ex@1.3.0
134 silly currentTree ├── escape-string-regexp@1.0.4
134 silly currentTree ├── expand-brackets@0.1.4
134 silly currentTree ├── expand-range@1.8.1
134 silly currentTree ├── extend@2.0.1
134 silly currentTree ├── extglob@0.3.1
134 silly currentTree ├── fancy-log@1.1.0
134 silly currentTree ├── filename-regex@2.0.0
134 silly currentTree ├── fill-range@2.2.3
134 silly currentTree ├── find-index@0.1.1
134 silly currentTree ├── find-up@1.1.0
134 silly currentTree ├── findup-sync@0.3.0
134 silly currentTree ├── first-chunk-stream@1.0.0
134 silly currentTree ├── flagged-respawn@0.3.1
134 silly currentTree ├── for-in@0.1.4
134 silly currentTree ├── for-own@0.1.3
134 silly currentTree ├── gaze@0.5.2
134 silly currentTree ├── get-stdin@4.0.1
134 silly currentTree ├── glob-base@0.3.0
134 silly currentTree ├── glob-parent@2.0.0
134 silly currentTree ├─┬ glob-stream@3.1.18
134 silly currentTree │ ├── glob@4.5.3
134 silly currentTree │ ├── readable-stream@1.0.33
134 silly currentTree │ └── through2@0.6.5
134 silly currentTree ├── glob-watcher@0.0.6
134 silly currentTree ├── glob@5.0.15
134 silly currentTree ├── glob2base@0.0.12
134 silly currentTree ├─┬ globule@0.1.0
134 silly currentTree │ ├── glob@3.1.21
134 silly currentTree │ ├── graceful-fs@1.2.3
134 silly currentTree │ ├── inherits@1.0.2
134 silly currentTree │ └── minimatch@0.2.14
134 silly currentTree ├── glogg@1.0.0
134 silly currentTree ├── graceful-fs@4.1.2
134 silly currentTree ├── graceful-readlink@1.0.1
134 silly currentTree ├─┬ gulp-compass@2.1.0
134 silly currentTree │ ├── readable-stream@1.0.33
134 silly currentTree │ └── through2@0.6.5
134 silly currentTree ├── gulp-jade@1.1.0
134 silly currentTree ├─┬ gulp-plumber@1.0.1
134 silly currentTree │ ├── readable-stream@1.0.33
134 silly currentTree │ └── through2@0.6.5
134 silly currentTree ├── gulp-util@3.0.7
134 silly currentTree ├── gulp-watch@4.3.5
134 silly currentTree ├─┬ gulp@3.9.0
134 silly currentTree │ └── semver@4.3.6
134 silly currentTree ├── gulplog@1.0.0
134 silly currentTree ├── has-ansi@2.0.0
134 silly currentTree ├── has-gulplog@0.1.0
134 silly currentTree ├── hosted-git-info@2.1.4
134 silly currentTree ├── indent-string@2.1.0
134 silly currentTree ├── inflight@1.0.4
134 silly currentTree ├── inherits@2.0.1
134 silly currentTree ├── interpret@0.6.6
134 silly currentTree ├── is-absolute@0.1.7
134 silly currentTree ├── is-arrayish@0.2.1
134 silly currentTree ├── is-binary-path@1.0.1
134 silly currentTree ├── is-buffer@1.1.0
134 silly currentTree ├── is-builtin-module@1.0.0
134 silly currentTree ├── is-dotfile@1.0.2
134 silly currentTree ├── is-equal-shallow@0.1.3
134 silly currentTree ├── is-extendable@0.1.1
134 silly currentTree ├── is-extglob@1.0.0
134 silly currentTree ├── is-finite@1.0.1
134 silly currentTree ├── is-glob@2.0.1
134 silly currentTree ├─┬ is-number@2.1.0
134 silly currentTree │ └── kind-of@3.0.2
134 silly currentTree ├── is-primitive@2.0.0
134 silly currentTree ├── is-promise@2.1.0
134 silly currentTree ├── is-relative@0.1.3
134 silly currentTree ├── is-utf8@0.2.1
134 silly currentTree ├── isarray@0.0.1
134 silly currentTree ├── isobject@2.0.0
134 silly currentTree ├── jade@1.11.0
134 silly currentTree ├── jstransformer@0.0.2
134 silly currentTree ├── kind-of@2.0.1
134 silly currentTree ├── lazy-cache@0.2.7
134 silly currentTree ├── liftoff@2.2.0
134 silly currentTree ├── load-json-file@1.1.0
134 silly currentTree ├── lodash._basecopy@3.0.1
134 silly currentTree ├── lodash._basetostring@3.0.1
134 silly currentTree ├── lodash._basevalues@3.0.0
134 silly currentTree ├── lodash._getnative@3.9.1
134 silly currentTree ├── lodash._isiterateecall@3.0.9
134 silly currentTree ├── lodash._reescape@3.0.0
134 silly currentTree ├── lodash._reevaluate@3.0.0
134 silly currentTree ├── lodash._reinterpolate@3.0.0
134 silly currentTree ├── lodash.escape@3.0.0
134 silly currentTree ├── lodash.isarguments@3.0.4
134 silly currentTree ├── lodash.isarray@3.0.4
134 silly currentTree ├── lodash.keys@3.1.2
134 silly currentTree ├── lodash.restparam@3.6.1
134 silly currentTree ├── lodash.template@3.6.2
134 silly currentTree ├── lodash.templatesettings@3.1.0
134 silly currentTree ├── lodash@1.0.2
134 silly currentTree ├── longest@1.0.1
134 silly currentTree ├── loud-rejection@1.2.0
134 silly currentTree ├── lru-cache@2.7.3
134 silly currentTree ├── map-obj@1.0.1
134 silly currentTree ├─┬ meow@3.6.0
134 silly currentTree │ └── object-assign@4.0.1
134 silly currentTree ├─┬ micromatch@2.3.7
134 silly currentTree │ └── kind-of@3.0.2
134 silly currentTree ├── minimatch@2.0.10
134 silly currentTree ├── minimist@1.2.0
134 silly currentTree ├─┬ mkdirp@0.5.1
134 silly currentTree │ └── minimist@0.0.8
134 silly currentTree ├── multipipe@0.1.2
134 silly currentTree ├── normalize-package-data@2.3.5
134 silly currentTree ├── normalize-path@2.0.1
134 silly currentTree ├── number-is-nan@1.0.0
134 silly currentTree ├── object-assign@3.0.0
134 silly currentTree ├── object.omit@2.0.0
134 silly currentTree ├── once@1.3.3
134 silly currentTree ├── optimist@0.3.7
134 silly currentTree ├── orchestrator@0.3.7
134 silly currentTree ├── ordered-read-streams@0.1.0
134 silly currentTree ├── os-homedir@1.0.1
134 silly currentTree ├── parse-glob@3.0.4
134 silly currentTree ├── parse-json@2.2.0
134 silly currentTree ├── path-exists@2.1.0
134 silly currentTree ├── path-is-absolute@1.0.0
134 silly currentTree ├── path-type@1.1.0
134 silly currentTree ├── pify@2.3.0
134 silly currentTree ├── pinkie-promise@2.0.0
134 silly currentTree ├── pinkie@2.0.1
134 silly currentTree ├── preserve@0.2.0
134 silly currentTree ├── pretty-hrtime@1.0.1
134 silly currentTree ├── process-nextick-args@1.0.6
134 silly currentTree ├── promise@6.1.0
134 silly currentTree ├─┬ randomatic@1.1.5
134 silly currentTree │ └── kind-of@3.0.2
134 silly currentTree ├── read-pkg-up@1.0.1
134 silly currentTree ├── read-pkg@1.1.0
134 silly currentTree ├── readable-stream@2.0.5
134 silly currentTree ├── readdirp@2.0.0
134 silly currentTree ├── rechoir@0.6.2
134 silly currentTree ├── redent@1.0.0
134 silly currentTree ├── regex-cache@0.4.2
134 silly currentTree ├── repeat-element@1.1.2
134 silly currentTree ├── repeat-string@1.5.2
134 silly currentTree ├── repeating@2.0.0
134 silly currentTree ├── replace-ext@0.0.1
134 silly currentTree ├── resolve@1.1.6
134 silly currentTree ├── right-align@0.1.3
134 silly currentTree ├── semver@5.1.0
134 silly currentTree ├── sequencify@0.0.7
134 silly currentTree ├── sigmund@1.0.1
134 silly currentTree ├── signal-exit@2.1.2
134 silly currentTree ├── source-map@0.4.4
134 silly currentTree ├── sparkles@1.0.0
134 silly currentTree ├── spdx-correct@1.0.2
134 silly currentTree ├── spdx-exceptions@1.0.4
134 silly currentTree ├── spdx-expression-parse@1.0.2
134 silly currentTree ├── spdx-license-ids@1.1.0
134 silly currentTree ├── stream-consume@0.1.0
134 silly currentTree ├── string_decoder@0.10.31
134 silly currentTree ├── strip-ansi@3.0.0
134 silly currentTree ├── strip-bom-stream@1.0.0
134 silly currentTree ├── strip-bom@2.0.0
134 silly currentTree ├── strip-indent@1.0.1
134 silly currentTree ├── success-symbol@0.1.0
134 silly currentTree ├── supports-color@2.0.0
134 silly currentTree ├── through2@2.0.0
134 silly currentTree ├── tildify@1.1.2
134 silly currentTree ├─┬ transformers@2.1.0
134 silly currentTree │ ├── is-promise@1.0.1
134 silly currentTree │ ├── promise@2.0.0
134 silly currentTree │ ├── source-map@0.1.43
134 silly currentTree │ └── uglify-js@2.2.5
134 silly currentTree ├── trim-newlines@1.0.0
134 silly currentTree ├─┬ uglify-js@2.6.1
134 silly currentTree │ └── source-map@0.5.3
134 silly currentTree ├── uglify-to-browserify@1.0.2
134 silly currentTree ├── unique-stream@1.0.0
134 silly currentTree ├── user-home@1.1.1
134 silly currentTree ├── util-deprecate@1.0.2
134 silly currentTree ├── v8flags@2.0.11
134 silly currentTree ├── validate-npm-package-license@3.0.1
134 silly currentTree ├─┬ vinyl-file@1.3.0
134 silly currentTree │ └── vinyl@1.1.0
134 silly currentTree ├─┬ vinyl-fs@0.3.14
134 silly currentTree │ ├── clone@0.2.0
134 silly currentTree │ ├── graceful-fs@3.0.8
134 silly currentTree │ ├── readable-stream@1.0.33
134 silly currentTree │ ├── strip-bom@1.0.0
134 silly currentTree │ ├── through2@0.6.5
134 silly currentTree │ └── vinyl@0.4.6
134 silly currentTree ├── vinyl@0.5.3
134 silly currentTree ├── void-elements@2.0.1
134 silly currentTree ├── which@1.2.1
134 silly currentTree ├── window-size@0.1.0
134 silly currentTree ├─┬ with@4.0.3
134 silly currentTree │ └── acorn@1.2.2
134 silly currentTree ├── wordwrap@0.0.3
134 silly currentTree ├── wrappy@1.0.1
134 silly currentTree ├── xtend@4.0.1
134 silly currentTree └─┬ yargs@3.10.0
134 silly currentTree   └── camelcase@1.2.1
135 silly idealTree gradproject2
135 silly idealTree ├── acorn-globals@1.0.9
135 silly idealTree ├── acorn@2.6.4
135 silly idealTree ├── align-text@0.1.3
135 silly idealTree ├── amdefine@1.0.0
135 silly idealTree ├── ansi-green@0.1.1
135 silly idealTree ├── ansi-regex@2.0.0
135 silly idealTree ├── ansi-styles@2.1.0
135 silly idealTree ├── ansi-wrap@0.1.0
135 silly idealTree ├── anymatch@1.3.0
135 silly idealTree ├── archy@1.0.0
135 silly idealTree ├── arr-diff@2.0.0
135 silly idealTree ├── arr-flatten@1.0.1
135 silly idealTree ├── array-differ@1.0.0
135 silly idealTree ├── array-uniq@1.0.2
135 silly idealTree ├── array-unique@0.2.1
135 silly idealTree ├── arrify@1.0.1
135 silly idealTree ├── asap@1.0.0
135 silly idealTree ├── async-each@0.1.6
135 silly idealTree ├── async@0.2.10
135 silly idealTree ├── balanced-match@0.3.0
135 silly idealTree ├── beeper@1.1.0
135 silly idealTree ├── binary-extensions@1.4.0
135 silly idealTree ├── brace-expansion@1.1.2
135 silly idealTree ├── braces@1.8.3
135 silly idealTree ├── builtin-modules@1.1.0
135 silly idealTree ├── camelcase-keys@2.0.0
135 silly idealTree ├── camelcase@2.0.1
135 silly idealTree ├── center-align@0.1.2
135 silly idealTree ├── chalk@1.1.1
135 silly idealTree ├── character-parser@1.2.1
135 silly idealTree ├── chokidar@1.4.1
135 silly idealTree ├─┬ clean-css@3.4.8
135 silly idealTree │ └── commander@2.8.1
135 silly idealTree ├─┬ cliui@2.1.0
135 silly idealTree │ └── wordwrap@0.0.2
135 silly idealTree ├── clone-stats@0.0.1
135 silly idealTree ├── clone@1.0.2
135 silly idealTree ├── commander@2.6.0
135 silly idealTree ├── concat-map@0.0.1
135 silly idealTree ├── constantinople@3.0.2
135 silly idealTree ├── core-util-is@1.0.2
135 silly idealTree ├── css-parse@1.0.4
135 silly idealTree ├── css-stringify@1.0.5
135 silly idealTree ├── css@1.0.8
135 silly idealTree ├── dateformat@1.0.12
135 silly idealTree ├── decamelize@1.1.2
135 silly idealTree ├── defaults@1.0.3
135 silly idealTree ├── deprecated@0.0.1
135 silly idealTree ├─┬ duplexer2@0.0.2
135 silly idealTree │ └── readable-stream@1.1.13
135 silly idealTree ├── end-of-stream@0.1.5
135 silly idealTree ├── error-ex@1.3.0
135 silly idealTree ├── escape-string-regexp@1.0.4
135 silly idealTree ├── expand-brackets@0.1.4
135 silly idealTree ├── expand-range@1.8.1
135 silly idealTree ├── extend@2.0.1
135 silly idealTree ├── extglob@0.3.1
135 silly idealTree ├── fancy-log@1.1.0
135 silly idealTree ├── filename-regex@2.0.0
135 silly idealTree ├── fill-range@2.2.3
135 silly idealTree ├── find-index@0.1.1
135 silly idealTree ├── find-up@1.1.0
135 silly idealTree ├── findup-sync@0.3.0
135 silly idealTree ├── first-chunk-stream@1.0.0
135 silly idealTree ├── flagged-respawn@0.3.1
135 silly idealTree ├── for-in@0.1.4
135 silly idealTree ├── for-own@0.1.3
135 silly idealTree ├── gaze@0.5.2
135 silly idealTree ├── get-stdin@4.0.1
135 silly idealTree ├── glob-base@0.3.0
135 silly idealTree ├── glob-parent@2.0.0
135 silly idealTree ├─┬ glob-stream@3.1.18
135 silly idealTree │ ├── glob@4.5.3
135 silly idealTree │ ├── readable-stream@1.0.33
135 silly idealTree │ └── through2@0.6.5
135 silly idealTree ├── glob-watcher@0.0.6
135 silly idealTree ├── glob@5.0.15
135 silly idealTree ├── glob2base@0.0.12
135 silly idealTree ├─┬ globule@0.1.0
135 silly idealTree │ ├── glob@3.1.21
135 silly idealTree │ ├── graceful-fs@1.2.3
135 silly idealTree │ ├── inherits@1.0.2
135 silly idealTree │ └── minimatch@0.2.14
135 silly idealTree ├── glogg@1.0.0
135 silly idealTree ├── graceful-fs@4.1.2
135 silly idealTree ├── graceful-readlink@1.0.1
135 silly idealTree ├─┬ gulp-compass@2.1.0
135 silly idealTree │ ├── readable-stream@1.0.33
135 silly idealTree │ └── through2@0.6.5
135 silly idealTree ├── gulp-jade@1.1.0
135 silly idealTree ├─┬ gulp-plumber@1.0.1
135 silly idealTree │ ├── readable-stream@1.0.33
135 silly idealTree │ └── through2@0.6.5
135 silly idealTree ├── gulp-util@3.0.7
135 silly idealTree ├── gulp-watch@4.3.5
135 silly idealTree ├─┬ gulp@3.9.0
135 silly idealTree │ └── semver@4.3.6
135 silly idealTree ├── gulplog@1.0.0
135 silly idealTree ├── has-ansi@2.0.0
135 silly idealTree ├── has-gulplog@0.1.0
135 silly idealTree ├── hosted-git-info@2.1.4
135 silly idealTree ├── indent-string@2.1.0
135 silly idealTree ├── inflight@1.0.4
135 silly idealTree ├── inherits@2.0.1
135 silly idealTree ├── interpret@0.6.6
135 silly idealTree ├── is-absolute@0.1.7
135 silly idealTree ├── is-arrayish@0.2.1
135 silly idealTree ├── is-binary-path@1.0.1
135 silly idealTree ├── is-buffer@1.1.0
135 silly idealTree ├── is-builtin-module@1.0.0
135 silly idealTree ├── is-dotfile@1.0.2
135 silly idealTree ├── is-equal-shallow@0.1.3
135 silly idealTree ├── is-extendable@0.1.1
135 silly idealTree ├── is-extglob@1.0.0
135 silly idealTree ├── is-finite@1.0.1
135 silly idealTree ├── is-glob@2.0.1
135 silly idealTree ├─┬ is-number@2.1.0
135 silly idealTree │ └── kind-of@3.0.2
135 silly idealTree ├── is-primitive@2.0.0
135 silly idealTree ├── is-promise@2.1.0
135 silly idealTree ├── is-relative@0.1.3
135 silly idealTree ├── is-utf8@0.2.1
135 silly idealTree ├── isarray@0.0.1
135 silly idealTree ├── isobject@2.0.0
135 silly idealTree ├── jade@1.11.0
135 silly idealTree ├── jstransformer@0.0.2
135 silly idealTree ├── kind-of@2.0.1
135 silly idealTree ├── lazy-cache@0.2.7
135 silly idealTree ├── liftoff@2.2.0
135 silly idealTree ├── load-json-file@1.1.0
135 silly idealTree ├── lodash._basecopy@3.0.1
135 silly idealTree ├── lodash._basetostring@3.0.1
135 silly idealTree ├── lodash._basevalues@3.0.0
135 silly idealTree ├── lodash._getnative@3.9.1
135 silly idealTree ├── lodash._isiterateecall@3.0.9
135 silly idealTree ├── lodash._reescape@3.0.0
135 silly idealTree ├── lodash._reevaluate@3.0.0
135 silly idealTree ├── lodash._reinterpolate@3.0.0
135 silly idealTree ├── lodash.escape@3.0.0
135 silly idealTree ├── lodash.isarguments@3.0.4
135 silly idealTree ├── lodash.isarray@3.0.4
135 silly idealTree ├── lodash.keys@3.1.2
135 silly idealTree ├── lodash.restparam@3.6.1
135 silly idealTree ├── lodash.template@3.6.2
135 silly idealTree ├── lodash.templatesettings@3.1.0
135 silly idealTree ├── lodash@1.0.2
135 silly idealTree ├── longest@1.0.1
135 silly idealTree ├── loud-rejection@1.2.0
135 silly idealTree ├── lru-cache@2.7.3
135 silly idealTree ├── map-obj@1.0.1
135 silly idealTree ├─┬ meow@3.6.0
135 silly idealTree │ └── object-assign@4.0.1
135 silly idealTree ├─┬ micromatch@2.3.7
135 silly idealTree │ └── kind-of@3.0.2
135 silly idealTree ├── minimatch@2.0.10
135 silly idealTree ├── minimist@1.2.0
135 silly idealTree ├─┬ mkdirp@0.5.1
135 silly idealTree │ └── minimist@0.0.8
135 silly idealTree ├── multipipe@0.1.2
135 silly idealTree ├── normalize-package-data@2.3.5
135 silly idealTree ├── normalize-path@2.0.1
135 silly idealTree ├── normalize-scss@4.0.3
135 silly idealTree ├── number-is-nan@1.0.0
135 silly idealTree ├── object-assign@3.0.0
135 silly idealTree ├── object.omit@2.0.0
135 silly idealTree ├── once@1.3.3
135 silly idealTree ├── optimist@0.3.7
135 silly idealTree ├── orchestrator@0.3.7
135 silly idealTree ├── ordered-read-streams@0.1.0
135 silly idealTree ├── os-homedir@1.0.1
135 silly idealTree ├── parse-glob@3.0.4
135 silly idealTree ├── parse-json@2.2.0
135 silly idealTree ├── path-exists@2.1.0
135 silly idealTree ├── path-is-absolute@1.0.0
135 silly idealTree ├── path-type@1.1.0
135 silly idealTree ├── pify@2.3.0
135 silly idealTree ├── pinkie-promise@2.0.0
135 silly idealTree ├── pinkie@2.0.1
135 silly idealTree ├── preserve@0.2.0
135 silly idealTree ├── pretty-hrtime@1.0.1
135 silly idealTree ├── process-nextick-args@1.0.6
135 silly idealTree ├── promise@6.1.0
135 silly idealTree ├─┬ randomatic@1.1.5
135 silly idealTree │ └── kind-of@3.0.2
135 silly idealTree ├── read-pkg-up@1.0.1
135 silly idealTree ├── read-pkg@1.1.0
135 silly idealTree ├── readable-stream@2.0.5
135 silly idealTree ├── readdirp@2.0.0
135 silly idealTree ├── rechoir@0.6.2
135 silly idealTree ├── redent@1.0.0
135 silly idealTree ├── regex-cache@0.4.2
135 silly idealTree ├── repeat-element@1.1.2
135 silly idealTree ├── repeat-string@1.5.2
135 silly idealTree ├── repeating@2.0.0
135 silly idealTree ├── replace-ext@0.0.1
135 silly idealTree ├── resolve@1.1.6
135 silly idealTree ├── right-align@0.1.3
135 silly idealTree ├── semver@5.1.0
135 silly idealTree ├── sequencify@0.0.7
135 silly idealTree ├── sigmund@1.0.1
135 silly idealTree ├── signal-exit@2.1.2
135 silly idealTree ├── source-map@0.4.4
135 silly idealTree ├── sparkles@1.0.0
135 silly idealTree ├── spdx-correct@1.0.2
135 silly idealTree ├── spdx-exceptions@1.0.4
135 silly idealTree ├── spdx-expression-parse@1.0.2
135 silly idealTree ├── spdx-license-ids@1.1.0
135 silly idealTree ├── stream-consume@0.1.0
135 silly idealTree ├── string_decoder@0.10.31
135 silly idealTree ├── strip-ansi@3.0.0
135 silly idealTree ├── strip-bom-stream@1.0.0
135 silly idealTree ├── strip-bom@2.0.0
135 silly idealTree ├── strip-indent@1.0.1
135 silly idealTree ├── success-symbol@0.1.0
135 silly idealTree ├── support-for@1.0.3
135 silly idealTree ├── supports-color@2.0.0
135 silly idealTree ├── through2@2.0.0
135 silly idealTree ├── tildify@1.1.2
135 silly idealTree ├─┬ transformers@2.1.0
135 silly idealTree │ ├── is-promise@1.0.1
135 silly idealTree │ ├── promise@2.0.0
135 silly idealTree │ ├── source-map@0.1.43
135 silly idealTree │ └── uglify-js@2.2.5
135 silly idealTree ├── trim-newlines@1.0.0
135 silly idealTree ├─┬ uglify-js@2.6.1
135 silly idealTree │ └── source-map@0.5.3
135 silly idealTree ├── uglify-to-browserify@1.0.2
135 silly idealTree ├── unique-stream@1.0.0
135 silly idealTree ├── user-home@1.1.1
135 silly idealTree ├── util-deprecate@1.0.2
135 silly idealTree ├── v8flags@2.0.11
135 silly idealTree ├── validate-npm-package-license@3.0.1
135 silly idealTree ├─┬ vinyl-file@1.3.0
135 silly idealTree │ └── vinyl@1.1.0
135 silly idealTree ├─┬ vinyl-fs@0.3.14
135 silly idealTree │ ├── clone@0.2.0
135 silly idealTree │ ├── graceful-fs@3.0.8
135 silly idealTree │ ├── readable-stream@1.0.33
135 silly idealTree │ ├── strip-bom@1.0.0
135 silly idealTree │ ├── through2@0.6.5
135 silly idealTree │ └── vinyl@0.4.6
135 silly idealTree ├── vinyl@0.5.3
135 silly idealTree ├── void-elements@2.0.1
135 silly idealTree ├── which@1.2.1
135 silly idealTree ├── window-size@0.1.0
135 silly idealTree ├─┬ with@4.0.3
135 silly idealTree │ └── acorn@1.2.2
135 silly idealTree ├── wordwrap@0.0.3
135 silly idealTree ├── wrappy@1.0.1
135 silly idealTree ├── xtend@4.0.1
135 silly idealTree └─┬ yargs@3.10.0
135 silly idealTree   └── camelcase@1.2.1
136 silly generateActionsToTake Starting
137 silly install generateActionsToTake
138 silly generateActionsToTake Finishing
139 silly diffTrees action count 2
140 silly diffTrees add support-for@1.0.3
141 silly diffTrees add normalize-scss@4.0.3
142 silly decomposeActions action count 16
143 silly decomposeActions fetch support-for@1.0.3
144 silly decomposeActions extract support-for@1.0.3
145 silly decomposeActions preinstall support-for@1.0.3
146 silly decomposeActions build support-for@1.0.3
147 silly decomposeActions install support-for@1.0.3
148 silly decomposeActions postinstall support-for@1.0.3
149 silly decomposeActions test support-for@1.0.3
150 silly decomposeActions finalize support-for@1.0.3
151 silly decomposeActions fetch normalize-scss@4.0.3
152 silly decomposeActions extract normalize-scss@4.0.3
153 silly decomposeActions preinstall normalize-scss@4.0.3
154 silly decomposeActions build normalize-scss@4.0.3
155 silly decomposeActions install normalize-scss@4.0.3
156 silly decomposeActions postinstall normalize-scss@4.0.3
157 silly decomposeActions test normalize-scss@4.0.3
158 silly decomposeActions finalize normalize-scss@4.0.3
159 silly executeActions Starting
160 silly install executeActions
161 silly doSerial global-install 0
162 silly doParallel fetch 2
163 verbose lock using C:\Users\Roma\AppData\Roaming\npm-cache\_locks\staging-7ec962f8538b03e4.lock for C:\OpenServer\domains\gradproject2\node_modules\.staging
164 silly doParallel extract 2
165 silly extract support-for@1.0.3
166 silly extract normalize-scss@4.0.3
167 verbose unbuild node_modules\.staging\support-for-d5c1069214a93b99f312cf274d3cfe94
168 verbose unbuild node_modules\.staging\normalize-scss-dd928e139b468452809dfc92a9156728
169 silly gentlyRm C:\OpenServer\domains\gradproject2\node_modules\.staging\support-for-d5c1069214a93b99f312cf274d3cfe94 is being purged from base C:\OpenServer\domains\gradproject2
170 verbose gentlyRm don't care about contents; nuking C:\OpenServer\domains\gradproject2\node_modules\.staging\support-for-d5c1069214a93b99f312cf274d3cfe94
171 silly gentlyRm C:\OpenServer\domains\gradproject2\node_modules\.staging\normalize-scss-dd928e139b468452809dfc92a9156728 is being purged from base C:\OpenServer\domains\gradproject2
172 verbose tar unpack C:\Users\Roma\AppData\Roaming\npm-cache\support-for\1.0.3\package.tgz
173 verbose tar unpacking to C:\OpenServer\domains\gradproject2\node_modules\.staging\support-for-d5c1069214a93b99f312cf274d3cfe94
174 silly gentlyRm C:\OpenServer\domains\gradproject2\node_modules\.staging\support-for-d5c1069214a93b99f312cf274d3cfe94 is being purged
175 verbose gentlyRm don't care about contents; nuking C:\OpenServer\domains\gradproject2\node_modules\.staging\normalize-scss-dd928e139b468452809dfc92a9156728
176 verbose gentlyRm don't care about contents; nuking C:\OpenServer\domains\gradproject2\node_modules\.staging\support-for-d5c1069214a93b99f312cf274d3cfe94
177 verbose tar unpack C:\Users\Roma\AppData\Roaming\npm-cache\normalize-scss\4.0.3\package.tgz
178 verbose tar unpacking to C:\OpenServer\domains\gradproject2\node_modules\.staging\normalize-scss-dd928e139b468452809dfc92a9156728
179 silly gentlyRm C:\OpenServer\domains\gradproject2\node_modules\.staging\normalize-scss-dd928e139b468452809dfc92a9156728 is being purged
180 silly gunzTarPerm modes [ '777', '666' ]
181 verbose gentlyRm don't care about contents; nuking C:\OpenServer\domains\gradproject2\node_modules\.staging\normalize-scss-dd928e139b468452809dfc92a9156728
182 silly gunzTarPerm modes [ '777', '666' ]
183 silly gunzTarPerm extractEntry package.json
184 silly gunzTarPerm modified mode [ 'package.json', 436, 438 ]
185 silly gunzTarPerm extractEntry package.json
186 silly gunzTarPerm modified mode [ 'package.json', 436, 438 ]
187 silly gunzTarPerm extractEntry .npmignore
188 silly gunzTarPerm modified mode [ '.npmignore', 436, 438 ]
189 silly gunzTarPerm extractEntry README.md
190 silly gunzTarPerm modified mode [ 'README.md', 436, 438 ]
191 silly gunzTarPerm extractEntry .npmignore
192 silly gunzTarPerm modified mode [ '.npmignore', 436, 438 ]
193 silly gunzTarPerm extractEntry README.md
194 silly gunzTarPerm modified mode [ 'README.md', 436, 438 ]
195 silly gunzTarPerm extractEntry eyeglass-exports.js
196 silly gunzTarPerm modified mode [ 'eyeglass-exports.js', 420, 438 ]
197 silly gunzTarPerm extractEntry LICENSE.md
198 silly gunzTarPerm modified mode [ 'LICENSE.md', 436, 438 ]
199 silly gunzTarPerm extractEntry eyeglass-exports.js
200 silly gunzTarPerm modified mode [ 'eyeglass-exports.js', 436, 438 ]
201 silly gunzTarPerm extractEntry fork-versions/default/README.md
202 silly gunzTarPerm modified mode [ 'fork-versions/default/README.md', 436, 438 ]
203 silly gunzTarPerm extractEntry bower.json
204 silly gunzTarPerm modified mode [ 'bower.json', 436, 438 ]
205 silly gunzTarPerm extractEntry fork-versions/default/_normalize.scss
206 silly gunzTarPerm modified mode [ 'fork-versions/default/_normalize.scss', 436, 438 ]
207 silly gunzTarPerm extractEntry fork-versions/default/_variables.scss
208 silly gunzTarPerm modified mode [ 'fork-versions/default/_variables.scss', 436, 438 ]
209 silly gunzTarPerm extractEntry fork-versions/default/_vertical-rhythm.scss
210 silly gunzTarPerm modified mode [ 'fork-versions/default/_vertical-rhythm.scss', 436, 438 ]
211 silly gunzTarPerm extractEntry fork-versions/ruby-sass-compass/README.md
212 silly gunzTarPerm modified mode [ 'fork-versions/ruby-sass-compass/README.md', 436, 438 ]
213 silly gunzTarPerm extractEntry fork-versions/ruby-sass-compass/_normalize.scss
214 silly gunzTarPerm modified mode [ 'fork-versions/ruby-sass-compass/_normalize.scss', 436, 438 ]
215 silly gunzTarPerm extractEntry fork-versions/ruby-sass-compass/_variables.scss
216 silly gunzTarPerm modified mode [ 'fork-versions/ruby-sass-compass/_variables.scss', 436, 438 ]
217 silly gunzTarPerm extractEntry fork-versions/typey/README.md
218 silly gunzTarPerm modified mode [ 'fork-versions/typey/README.md', 436, 438 ]
219 silly gunzTarPerm extractEntry fork-versions/typey/_normalize.scss
220 silly gunzTarPerm modified mode [ 'fork-versions/typey/_normalize.scss', 436, 438 ]
221 silly gunzTarPerm extractEntry fork-versions/typey/_variables.scss
222 silly gunzTarPerm modified mode [ 'fork-versions/typey/_variables.scss', 436, 438 ]
223 silly gunzTarPerm extractEntry fork-versions/typey-chroma-kss/README.md
224 silly gunzTarPerm modified mode [ 'fork-versions/typey-chroma-kss/README.md', 420, 438 ]
225 silly gunzTarPerm extractEntry fork-versions/typey-chroma-kss/_init.scss
226 silly gunzTarPerm modified mode [ 'fork-versions/typey-chroma-kss/_init.scss', 436, 438 ]
227 silly gunzTarPerm extractEntry fork-versions/typey-chroma-kss/base/_html5.scss
228 silly gunzTarPerm modified mode [ 'fork-versions/typey-chroma-kss/base/_html5.scss', 420, 438 ]
229 silly gunzTarPerm extractEntry fork-versions/typey-chroma-kss/base/_normalize.scss
230 silly gunzTarPerm modified mode [ 'fork-versions/typey-chroma-kss/base/_normalize.scss',
230 silly gunzTarPerm   436,
230 silly gunzTarPerm   438 ]
231 silly gunzTarPerm extractEntry fork-versions/typey-chroma-kss/base/_root.scss
232 silly gunzTarPerm modified mode [ 'fork-versions/typey-chroma-kss/base/_root.scss', 436, 438 ]
233 silly gunzTarPerm extractEntry fork-versions/typey-chroma-kss/base/embedded/_embedded.scss
234 silly gunzTarPerm modified mode [ 'fork-versions/typey-chroma-kss/base/embedded/_embedded.scss',
234 silly gunzTarPerm   436,
234 silly gunzTarPerm   438 ]
235 silly gunzTarPerm extractEntry fork-versions/typey-chroma-kss/base/embedded/embedded-img.hbs
236 silly gunzTarPerm modified mode [ 'fork-versions/typey-chroma-kss/base/embedded/embedded-img.hbs',
236 silly gunzTarPerm   436,
236 silly gunzTarPerm   438 ]
237 silly gunzTarPerm extractEntry fork-versions/typey-chroma-kss/base/embedded/embedded-svg.hbs
238 silly gunzTarPerm modified mode [ 'fork-versions/typey-chroma-kss/base/embedded/embedded-svg.hbs',
238 silly gunzTarPerm   436,
238 silly gunzTarPerm   438 ]
239 silly gunzTarPerm extractEntry fork-versions/typey-chroma-kss/base/forms/_forms.scss
240 silly gunzTarPerm modified mode [ 'fork-versions/typey-chroma-kss/base/forms/_forms.scss',
240 silly gunzTarPerm   436,
240 silly gunzTarPerm   438 ]
241 silly gunzTarPerm extractEntry fork-versions/typey-chroma-kss/base/forms/forms-button.hbs
242 silly gunzTarPerm modified mode [ 'fork-versions/typey-chroma-kss/base/forms/forms-button.hbs',
242 silly gunzTarPerm   436,
242 silly gunzTarPerm   438 ]
243 silly gunzTarPerm extractEntry fork-versions/typey-chroma-kss/base/forms/forms-fieldset.hbs
244 silly gunzTarPerm modified mode [ 'fork-versions/typey-chroma-kss/base/forms/forms-fieldset.hbs',
244 silly gunzTarPerm   436,
244 silly gunzTarPerm   438 ]
245 silly gunzTarPerm extractEntry fork-versions/typey-chroma-kss/base/forms/forms-input-checkbox.hbs
246 silly gunzTarPerm modified mode [ 'fork-versions/typey-chroma-kss/base/forms/forms-input-checkbox.hbs',
246 silly gunzTarPerm   436,
246 silly gunzTarPerm   438 ]
247 silly gunzTarPerm extractEntry fork-versions/typey-chroma-kss/base/forms/forms-input-radio.hbs
248 silly gunzTarPerm modified mode [ 'fork-versions/typey-chroma-kss/base/forms/forms-input-radio.hbs',
248 silly gunzTarPerm   436,
248 silly gunzTarPerm   438 ]
249 silly gunzTarPerm extractEntry fork-versions/typey-chroma-kss/base/forms/forms-input.hbs
250 silly gunzTarPerm modified mode [ 'fork-versions/typey-chroma-kss/base/forms/forms-input.hbs',
250 silly gunzTarPerm   436,
250 silly gunzTarPerm   438 ]
251 silly gunzTarPerm extractEntry fork-versions/typey-chroma-kss/base/forms/forms-label.hbs
252 silly gunzTarPerm modified mode [ 'fork-versions/typey-chroma-kss/base/forms/forms-label.hbs',
252 silly gunzTarPerm   436,
252 silly gunzTarPerm   438 ]
253 silly gunzTarPerm extractEntry fork-versions/typey-chroma-kss/base/forms/forms-select.hbs
254 silly gunzTarPerm modified mode [ 'fork-versions/typey-chroma-kss/base/forms/forms-select.hbs',
254 silly gunzTarPerm   436,
254 silly gunzTarPerm   438 ]
255 silly gunzTarPerm extractEntry fork-versions/typey-chroma-kss/base/forms/forms-textarea.hbs
256 silly gunzTarPerm modified mode [ 'fork-versions/typey-chroma-kss/base/forms/forms-textarea.hbs',
256 silly gunzTarPerm   436,
256 silly gunzTarPerm   438 ]
257 silly gunzTarPerm extractEntry fork-versions/typey-chroma-kss/base/grouping/_grouping.scss
258 silly gunzTarPerm modified mode [ 'fork-versions/typey-chroma-kss/base/grouping/_grouping.scss',
258 silly gunzTarPerm   436,
258 silly gunzTarPerm   438 ]
259 silly gunzTarPerm extractEntry fork-versions/typey-chroma-kss/base/grouping/grouping-blockquote.hbs
260 silly gunzTarPerm modified mode [ 'fork-versions/typey-chroma-kss/base/grouping/grouping-blockquote.hbs',
260 silly gunzTarPerm   436,
260 silly gunzTarPerm   438 ]
261 silly gunzTarPerm extractEntry fork-versions/typey-chroma-kss/base/grouping/grouping-dl.hbs
262 silly gunzTarPerm modified mode [ 'fork-versions/typey-chroma-kss/base/grouping/grouping-dl.hbs',
262 silly gunzTarPerm   436,
262 silly gunzTarPerm   438 ]
263 silly gunzTarPerm extractEntry fork-versions/typey-chroma-kss/base/grouping/grouping-figure.hbs
264 silly gunzTarPerm modified mode [ 'fork-versions/typey-chroma-kss/base/grouping/grouping-figure.hbs',
264 silly gunzTarPerm   436,
264 silly gunzTarPerm   438 ]
265 silly gunzTarPerm extractEntry fork-versions/typey-chroma-kss/base/grouping/grouping-hr.hbs
266 silly gunzTarPerm modified mode [ 'fork-versions/typey-chroma-kss/base/grouping/grouping-hr.hbs',
266 silly gunzTarPerm   436,
266 silly gunzTarPerm   438 ]
267 silly gunzTarPerm extractEntry fork-versions/typey-chroma-kss/base/grouping/grouping-ol.hbs
268 silly gunzTarPerm modified mode [ 'fork-versions/typey-chroma-kss/base/grouping/grouping-ol.hbs',
268 silly gunzTarPerm   436,
268 silly gunzTarPerm   438 ]
269 silly gunzTarPerm extractEntry fork-versions/typey-chroma-kss/base/grouping/grouping-p.hbs
270 silly gunzTarPerm modified mode [ 'fork-versions/typey-chroma-kss/base/grouping/grouping-p.hbs',
270 silly gunzTarPerm   436,
270 silly gunzTarPerm   438 ]
271 silly gunzTarPerm extractEntry fork-versions/typey-chroma-kss/base/grouping/grouping-pre.hbs
272 silly gunzTarPerm modified mode [ 'fork-versions/typey-chroma-kss/base/grouping/grouping-pre.hbs',
272 silly gunzTarPerm   436,
272 silly gunzTarPerm   438 ]
273 silly gunzTarPerm extractEntry fork-versions/typey-chroma-kss/base/grouping/grouping-ul.hbs
274 silly gunzTarPerm modified mode [ 'fork-versions/typey-chroma-kss/base/grouping/grouping-ul.hbs',
274 silly gunzTarPerm   436,
274 silly gunzTarPerm   438 ]
275 silly gunzTarPerm extractEntry fork-versions/typey-chroma-kss/base/headings/_headings.scss
276 silly gunzTarPerm modified mode [ 'fork-versions/typey-chroma-kss/base/headings/_headings.scss',
276 silly gunzTarPerm   436,
276 silly gunzTarPerm   438 ]
277 silly gunzTarPerm extractEntry fork-versions/typey-chroma-kss/base/headings/headings-h.hbs
278 silly gunzTarPerm modified mode [ 'fork-versions/typey-chroma-kss/base/headings/headings-h.hbs',
278 silly gunzTarPerm   436,
278 silly gunzTarPerm   438 ]
279 silly gunzTarPerm extractEntry fork-versions/typey-chroma-kss/base/links/_links.scss
280 silly gunzTarPerm modified mode [ 'fork-versions/typey-chroma-kss/base/links/_links.scss',
280 silly gunzTarPerm   436,
280 silly gunzTarPerm   438 ]
281 silly gunzTarPerm extractEntry fork-versions/typey-chroma-kss/base/links/links-a.hbs
282 silly gunzTarPerm modified mode [ 'fork-versions/typey-chroma-kss/base/links/links-a.hbs',
282 silly gunzTarPerm   436,
282 silly gunzTarPerm   438 ]
283 silly gunzTarPerm extractEntry fork-versions/typey-chroma-kss/base/tables/_tables.scss
284 silly gunzTarPerm modified mode [ 'fork-versions/typey-chroma-kss/base/tables/_tables.scss',
284 silly gunzTarPerm   436,
284 silly gunzTarPerm   438 ]
285 silly gunzTarPerm extractEntry fork-versions/typey-chroma-kss/base/tables/tables-table.hbs
286 silly gunzTarPerm modified mode [ 'fork-versions/typey-chroma-kss/base/tables/tables-table.hbs',
286 silly gunzTarPerm   436,
286 silly gunzTarPerm   438 ]
287 silly gunzTarPerm extractEntry fork-versions/typey-chroma-kss/base/text/text-i.hbs
288 silly gunzTarPerm modified mode [ 'fork-versions/typey-chroma-kss/base/text/text-i.hbs',
288 silly gunzTarPerm   436,
288 silly gunzTarPerm   438 ]
289 silly gunzTarPerm extractEntry fork-versions/typey-chroma-kss/base/text/_text.scss
290 silly gunzTarPerm modified mode [ 'fork-versions/typey-chroma-kss/base/text/_text.scss',
290 silly gunzTarPerm   436,
290 silly gunzTarPerm   438 ]
291 silly gunzTarPerm extractEntry fork-versions/typey-chroma-kss/base/text/text-b.hbs
292 silly gunzTarPerm modified mode [ 'fork-versions/typey-chroma-kss/base/text/text-b.hbs',
292 silly gunzTarPerm   436,
292 silly gunzTarPerm   438 ]
293 silly gunzTarPerm extractEntry fork-versions/typey-chroma-kss/base/text/text-cite.hbs
294 silly gunzTarPerm modified mode [ 'fork-versions/typey-chroma-kss/base/text/text-cite.hbs',
294 silly gunzTarPerm   436,
294 silly gunzTarPerm   438 ]
295 silly gunzTarPerm extractEntry fork-versions/typey-chroma-kss/base/text/text-code.hbs
296 silly gunzTarPerm modified mode [ 'fork-versions/typey-chroma-kss/base/text/text-code.hbs',
296 silly gunzTarPerm   436,
296 silly gunzTarPerm   438 ]
297 silly gunzTarPerm extractEntry fork-versions/typey-chroma-kss/base/text/text-del.hbs
298 silly gunzTarPerm modified mode [ 'fork-versions/typey-chroma-kss/base/text/text-del.hbs',
298 silly gunzTarPerm   436,
298 silly gunzTarPerm   438 ]
299 silly gunzTarPerm extractEntry fork-versions/typey-chroma-kss/base/text/text-dfn.hbs
300 silly gunzTarPerm modified mode [ 'fork-versions/typey-chroma-kss/base/text/text-dfn.hbs',
300 silly gunzTarPerm   436,
300 silly gunzTarPerm   438 ]
301 silly gunzTarPerm extractEntry fork-versions/typey-chroma-kss/base/text/text-abbr.hbs
302 silly gunzTarPerm modified mode [ 'fork-versions/typey-chroma-kss/base/text/text-abbr.hbs',
302 silly gunzTarPerm   436,
302 silly gunzTarPerm   438 ]
303 silly gunzTarPerm extractEntry fork-versions/typey-chroma-kss/base/text/text-ins.hbs
304 silly gunzTarPerm modified mode [ 'fork-versions/typey-chroma-kss/base/text/text-ins.hbs',
304 silly gunzTarPerm   436,
304 silly gunzTarPerm   438 ]
305 silly gunzTarPerm extractEntry fork-versions/typey-chroma-kss/base/text/text-mark.hbs
306 silly gunzTarPerm modified mode [ 'fork-versions/typey-chroma-kss/base/text/text-mark.hbs',
306 silly gunzTarPerm   436,
306 silly gunzTarPerm   438 ]
307 silly gunzTarPerm extractEntry fork-versions/typey-chroma-kss/base/text/text-q.hbs
308 silly gunzTarPerm modified mode [ 'fork-versions/typey-chroma-kss/base/text/text-q.hbs',
308 silly gunzTarPerm   436,
308 silly gunzTarPerm   438 ]
309 silly gunzTarPerm extractEntry fork-versions/typey-chroma-kss/base/text/text-s.hbs
310 silly gunzTarPerm modified mode [ 'fork-versions/typey-chroma-kss/base/text/text-s.hbs',
310 silly gunzTarPerm   436,
310 silly gunzTarPerm   438 ]
311 silly gunzTarPerm extractEntry fork-versions/typey-chroma-kss/base/text/text-small.hbs
312 silly gunzTarPerm modified mode [ 'fork-versions/typey-chroma-kss/base/text/text-small.hbs',
312 silly gunzTarPerm   436,
312 silly gunzTarPerm   438 ]
313 silly gunzTarPerm extractEntry fork-versions/typey-chroma-kss/base/text/text-sub.hbs
314 silly gunzTarPerm modified mode [ 'fork-versions/typey-chroma-kss/base/text/text-sub.hbs',
314 silly gunzTarPerm   436,
314 silly gunzTarPerm   438 ]
315 silly gunzTarPerm extractEntry fork-versions/typey-chroma-kss/base/text/text-u.hbs
316 silly gunzTarPerm modified mode [ 'fork-versions/typey-chroma-kss/base/text/text-u.hbs',
316 silly gunzTarPerm   436,
316 silly gunzTarPerm   438 ]
317 silly gunzTarPerm extractEntry fork-versions/typey-chroma-kss/components/button/_button.scss
318 silly gunzTarPerm modified mode [ 'fork-versions/typey-chroma-kss/components/button/_button.scss',
318 silly gunzTarPerm   436,
318 silly gunzTarPerm   438 ]
319 silly gunzTarPerm extractEntry fork-versions/typey-chroma-kss/components/button/button.hbs
320 silly gunzTarPerm modified mode [ 'fork-versions/typey-chroma-kss/components/button/button.hbs',
320 silly gunzTarPerm   436,
320 silly gunzTarPerm   438 ]
321 silly gunzTarPerm extractEntry fork-versions/typey-chroma-kss/components/divider/_divider.scss
322 silly gunzTarPerm modified mode [ 'fork-versions/typey-chroma-kss/components/divider/_divider.scss',
322 silly gunzTarPerm   436,
322 silly gunzTarPerm   438 ]
323 silly gunzTarPerm extractEntry fork-versions/typey-chroma-kss/components/divider/divider.hbs
324 silly gunzTarPerm modified mode [ 'fork-versions/typey-chroma-kss/components/divider/divider.hbs',
324 silly gunzTarPerm   436,
324 silly gunzTarPerm   438 ]
325 silly gunzTarPerm extractEntry fork-versions/typey-chroma-kss/components/divider/divider.json
326 silly gunzTarPerm modified mode [ 'fork-versions/typey-chroma-kss/components/divider/divider.json',
326 silly gunzTarPerm   436,
326 silly gunzTarPerm   438 ]
327 silly gunzTarPerm extractEntry fork-versions/typey-chroma-kss/init/_colors.scss
328 silly gunzTarPerm modified mode [ 'fork-versions/typey-chroma-kss/init/_colors.scss', 436, 438 ]
329 silly gunzTarPerm extractEntry fork-versions/typey-chroma-kss/init/_variables.scss
330 silly gunzTarPerm modified mode [ 'fork-versions/typey-chroma-kss/init/_variables.scss',
330 silly gunzTarPerm   436,
330 silly gunzTarPerm   438 ]
331 silly gunzTarPerm extractEntry fork-versions/typey-chroma-kss/init/rtl/_rtl.scss
332 silly gunzTarPerm modified mode [ 'fork-versions/typey-chroma-kss/init/rtl/_rtl.scss', 436, 438 ]
333 silly gunzTarPerm extractEntry fork-versions/typey-chroma-kss/styles-base.scss
334 silly gunzTarPerm modified mode [ 'fork-versions/typey-chroma-kss/styles-base.scss', 436, 438 ]
335 silly gunzTarPerm extractEntry CONTRIBUTING.md
336 silly gunzTarPerm modified mode [ 'CONTRIBUTING.md', 436, 438 ]
337 silly gunzTarPerm extractEntry LICENSE.md
338 silly gunzTarPerm modified mode [ 'LICENSE.md', 436, 438 ]
339 silly gunzTarPerm extractEntry bower.json
340 silly gunzTarPerm modified mode [ 'bower.json', 436, 438 ]
341 silly gunzTarPerm extractEntry .travis.yml
342 silly gunzTarPerm modified mode [ '.travis.yml', 436, 438 ]
343 silly gunzTarPerm extractEntry lib/normalize-scss.rb
344 silly gunzTarPerm modified mode [ 'lib/normalize-scss.rb', 436, 438 ]
345 silly gunzTarPerm extractEntry normalize-scss.gemspec
346 silly gunzTarPerm modified mode [ 'normalize-scss.gemspec', 436, 438 ]
347 silly gunzTarPerm extractEntry CHANGELOG.md
348 silly gunzTarPerm modified mode [ 'CHANGELOG.md', 436, 438 ]
349 silly gunzTarPerm extractEntry sache.json
350 silly gunzTarPerm modified mode [ 'sache.json', 436, 438 ]
351 silly gunzTarPerm extractEntry sass/_normalize.scss
352 silly gunzTarPerm modified mode [ 'sass/_normalize.scss', 436, 438 ]
353 silly gunzTarPerm extractEntry sass/normalize/_import-now.scss
354 silly gunzTarPerm modified mode [ 'sass/normalize/_import-now.scss', 436, 438 ]
355 silly gunzTarPerm extractEntry sass/normalize/_normalize-mixin.scss
356 silly gunzTarPerm modified mode [ 'sass/normalize/_normalize-mixin.scss', 436, 438 ]
357 silly gunzTarPerm extractEntry sass/normalize/_variables.scss
358 silly gunzTarPerm modified mode [ 'sass/normalize/_variables.scss', 436, 438 ]
359 silly gunzTarPerm extractEntry sass/normalize/_vertical-rhythm.scss
360 silly gunzTarPerm modified mode [ 'sass/normalize/_vertical-rhythm.scss', 436, 438 ]
361 silly gunzTarPerm extractEntry test/helper.js
362 silly gunzTarPerm modified mode [ 'test/helper.js', 436, 438 ]
363 silly gunzTarPerm extractEntry test/test_fork-versions.js
364 silly gunzTarPerm modified mode [ 'test/test_fork-versions.js', 436, 438 ]
365 silly gunzTarPerm extractEntry test/test_import-now.js
366 silly gunzTarPerm modified mode [ 'test/test_import-now.js', 436, 438 ]
367 silly gunzTarPerm extractEntry test/test_normalize.js
368 silly gunzTarPerm modified mode [ 'test/test_normalize.js', 436, 438 ]
369 silly gunzTarPerm extractEntry test/test_variables.js
370 silly gunzTarPerm modified mode [ 'test/test_variables.js', 436, 438 ]
371 silly gunzTarPerm extractEntry test/.eslintrc
372 silly gunzTarPerm modified mode [ 'test/.eslintrc', 436, 438 ]
373 silly gunzTarPerm extractEntry test/fixtures/compass/_support.scss
374 silly gunzTarPerm modified mode [ 'test/fixtures/compass/_support.scss', 436, 438 ]
375 silly gunzTarPerm extractEntry test/fixtures/compass/css3/_box-sizing.scss
376 silly gunzTarPerm modified mode [ 'test/fixtures/compass/css3/_box-sizing.scss', 436, 438 ]
377 silly gunzTarPerm extractEntry test/fixtures/compass/typography/_vertical_rhythm.scss
378 silly gunzTarPerm modified mode [ 'test/fixtures/compass/typography/_vertical_rhythm.scss',
378 silly gunzTarPerm   436,
378 silly gunzTarPerm   438 ]
379 silly gunzTarPerm extractEntry test/fixtures/fork-versions/default/input.scss
380 silly gunzTarPerm modified mode [ 'test/fixtures/fork-versions/default/input.scss', 436, 438 ]
381 silly gunzTarPerm extractEntry test/fixtures/fork-versions/default/output.css
382 silly gunzTarPerm modified mode [ 'test/fixtures/fork-versions/default/output.css', 436, 438 ]
383 silly gunzTarPerm extractEntry test/fixtures/fork-versions/ruby-sass-compass/input.scss
384 silly gunzTarPerm modified mode [ 'test/fixtures/fork-versions/ruby-sass-compass/input.scss',
384 silly gunzTarPerm   436,
384 silly gunzTarPerm   438 ]
385 silly gunzTarPerm extractEntry test/fixtures/fork-versions/ruby-sass-compass/output.css
386 silly gunzTarPerm modified mode [ 'test/fixtures/fork-versions/ruby-sass-compass/output.css',
386 silly gunzTarPerm   436,
386 silly gunzTarPerm   438 ]
387 silly gunzTarPerm extractEntry test/fixtures/fork-versions/typey/input.scss
388 silly gunzTarPerm modified mode [ 'test/fixtures/fork-versions/typey/input.scss', 436, 438 ]
389 silly gunzTarPerm extractEntry test/fixtures/fork-versions/typey/output.css
390 silly gunzTarPerm modified mode [ 'test/fixtures/fork-versions/typey/output.css', 436, 438 ]
391 silly gunzTarPerm extractEntry test/fixtures/fork-versions/typey-chroma-kss/input.scss
392 silly gunzTarPerm modified mode [ 'test/fixtures/fork-versions/typey-chroma-kss/input.scss',
392 silly gunzTarPerm   420,
392 silly gunzTarPerm   438 ]
393 silly gunzTarPerm extractEntry test/fixtures/fork-versions/typey-chroma-kss/output.css
394 silly gunzTarPerm modified mode [ 'test/fixtures/fork-versions/typey-chroma-kss/output.css',
394 silly gunzTarPerm   436,
394 silly gunzTarPerm   438 ]
395 silly gunzTarPerm extractEntry test/fixtures/import-now/input.scss
396 silly gunzTarPerm modified mode [ 'test/fixtures/import-now/input.scss', 436, 438 ]
397 silly gunzTarPerm extractEntry test/fixtures/import-now/output.css
398 silly gunzTarPerm modified mode [ 'test/fixtures/import-now/output.css', 436, 438 ]
399 silly gunzTarPerm extractEntry test/fixtures/normalize/exclude-multiple/input.scss
400 silly gunzTarPerm modified mode [ 'test/fixtures/normalize/exclude-multiple/input.scss',
400 silly gunzTarPerm   436,
400 silly gunzTarPerm   438 ]
401 silly gunzTarPerm extractEntry test/fixtures/normalize/exclude-multiple/output.css
402 silly gunzTarPerm modified mode [ 'test/fixtures/normalize/exclude-multiple/output.css',
402 silly gunzTarPerm   436,
402 silly gunzTarPerm   438 ]
403 silly gunzTarPerm extractEntry test/fixtures/normalize/exclude-single/input.scss
404 silly gunzTarPerm modified mode [ 'test/fixtures/normalize/exclude-single/input.scss', 436, 438 ]
405 silly gunzTarPerm extractEntry test/fixtures/normalize/exclude-single/output.css
406 silly gunzTarPerm modified mode [ 'test/fixtures/normalize/exclude-single/output.css', 436, 438 ]
407 silly gunzTarPerm extractEntry test/fixtures/normalize/exclude-string/input.scss
408 silly gunzTarPerm modified mode [ 'test/fixtures/normalize/exclude-string/input.scss', 436, 438 ]
409 silly gunzTarPerm extractEntry test/fixtures/normalize/exclude-string/output.css
410 silly gunzTarPerm modified mode [ 'test/fixtures/normalize/exclude-string/output.css', 436, 438 ]
411 silly gunzTarPerm extractEntry test/fixtures/normalize/include-multiple/input.scss
412 silly gunzTarPerm modified mode [ 'test/fixtures/normalize/include-multiple/input.scss',
412 silly gunzTarPerm   436,
412 silly gunzTarPerm   438 ]
413 silly gunzTarPerm extractEntry test/fixtures/normalize/include-multiple/output.css
414 silly gunzTarPerm modified mode [ 'test/fixtures/normalize/include-multiple/output.css',
414 silly gunzTarPerm   436,
414 silly gunzTarPerm   438 ]
415 silly gunzTarPerm extractEntry test/fixtures/normalize/include-single/input.scss
416 silly gunzTarPerm modified mode [ 'test/fixtures/normalize/include-single/input.scss', 436, 438 ]
417 silly gunzTarPerm extractEntry test/fixtures/normalize/include-single/output.css
418 silly gunzTarPerm modified mode [ 'test/fixtures/normalize/include-single/output.css', 436, 438 ]
419 silly gunzTarPerm extractEntry test/fixtures/normalize/include-string/input.scss
420 silly gunzTarPerm modified mode [ 'test/fixtures/normalize/include-string/input.scss', 436, 438 ]
421 silly gunzTarPerm extractEntry test/fixtures/normalize/include-string/output.css
422 silly gunzTarPerm modified mode [ 'test/fixtures/normalize/include-string/output.css', 436, 438 ]
423 silly gunzTarPerm extractEntry test/fixtures/variables/default/input.scss
424 silly gunzTarPerm modified mode [ 'test/fixtures/variables/default/input.scss', 436, 438 ]
425 silly gunzTarPerm extractEntry test/fixtures/variables/default/output.css
426 silly gunzTarPerm modified mode [ 'test/fixtures/variables/default/output.css', 436, 438 ]
427 silly gunzTarPerm extractEntry test/fixtures/variables/font/input.scss
428 silly gunzTarPerm modified mode [ 'test/fixtures/variables/font/input.scss', 436, 438 ]
429 silly gunzTarPerm extractEntry test/fixtures/variables/font/output.css
430 silly gunzTarPerm modified mode [ 'test/fixtures/variables/font/output.css', 436, 438 ]
431 silly gunzTarPerm extractEntry test/fixtures/variables/indent-amount/input.scss
432 silly gunzTarPerm modified mode [ 'test/fixtures/variables/indent-amount/input.scss', 436, 438 ]
433 silly gunzTarPerm extractEntry test/fixtures/variables/indent-amount/output.css
434 silly gunzTarPerm modified mode [ 'test/fixtures/variables/indent-amount/output.css', 436, 438 ]
435 silly gunzTarPerm extractEntry test/fixtures/variables/support-for/ie8/input.scss
436 silly gunzTarPerm modified mode [ 'test/fixtures/variables/support-for/ie8/input.scss',
436 silly gunzTarPerm   436,
436 silly gunzTarPerm   438 ]
437 silly gunzTarPerm extractEntry test/fixtures/variables/support-for/ie8/output.css
438 silly gunzTarPerm modified mode [ 'test/fixtures/variables/support-for/ie8/output.css',
438 silly gunzTarPerm   436,
438 silly gunzTarPerm   438 ]
439 silly gunzTarPerm extractEntry test/fixtures/variables/support-for/chrome9/input.scss
440 silly gunzTarPerm modified mode [ 'test/fixtures/variables/support-for/chrome9/input.scss',
440 silly gunzTarPerm   436,
440 silly gunzTarPerm   438 ]
441 silly gunzTarPerm extractEntry test/fixtures/variables/support-for/chrome9/output.css
442 silly gunzTarPerm modified mode [ 'test/fixtures/variables/support-for/chrome9/output.css',
442 silly gunzTarPerm   436,
442 silly gunzTarPerm   438 ]
443 silly gunzTarPerm extractEntry test/fixtures/variables/support-for/ie10/input.scss
444 silly gunzTarPerm modified mode [ 'test/fixtures/variables/support-for/ie10/input.scss',
444 silly gunzTarPerm   436,
444 silly gunzTarPerm   438 ]
445 silly gunzTarPerm extractEntry test/fixtures/variables/support-for/ie10/output.css
446 silly gunzTarPerm modified mode [ 'test/fixtures/variables/support-for/ie10/output.css',
446 silly gunzTarPerm   436,
446 silly gunzTarPerm   438 ]
447 silly gunzTarPerm extractEntry test/fixtures/variables/support-for/ie11/input.scss
448 silly gunzTarPerm modified mode [ 'test/fixtures/variables/support-for/ie11/input.scss',
448 silly gunzTarPerm   436,
448 silly gunzTarPerm   438 ]
449 silly gunzTarPerm extractEntry test/fixtures/variables/support-for/ie11/output.css
450 silly gunzTarPerm modified mode [ 'test/fixtures/variables/support-for/ie11/output.css',
450 silly gunzTarPerm   436,
450 silly gunzTarPerm   438 ]
451 silly gunzTarPerm extractEntry test/fixtures/variables/support-for/ie6/input.scss
452 silly gunzTarPerm modified mode [ 'test/fixtures/variables/support-for/ie6/input.scss',
452 silly gunzTarPerm   436,
452 silly gunzTarPerm   438 ]
453 silly gunzTarPerm extractEntry test/fixtures/variables/support-for/ie6/output.css
454 silly gunzTarPerm modified mode [ 'test/fixtures/variables/support-for/ie6/output.css',
454 silly gunzTarPerm   436,
454 silly gunzTarPerm   438 ]
455 silly gunzTarPerm extractEntry test/fixtures/variables/support-for/ie7/input.scss
456 silly gunzTarPerm modified mode [ 'test/fixtures/variables/support-for/ie7/input.scss',
456 silly gunzTarPerm   436,
456 silly gunzTarPerm   438 ]
457 silly gunzTarPerm extractEntry test/fixtures/variables/support-for/ie7/output.css
458 silly gunzTarPerm modified mode [ 'test/fixtures/variables/support-for/ie7/output.css',
458 silly gunzTarPerm   436,
458 silly gunzTarPerm   438 ]
459 silly gunzTarPerm extractEntry test/fixtures/variables/support-for/firefox28/input.scss
460 silly gunzTarPerm modified mode [ 'test/fixtures/variables/support-for/firefox28/input.scss',
460 silly gunzTarPerm   436,
460 silly gunzTarPerm   438 ]
461 silly gunzTarPerm extractEntry test/fixtures/variables/support-for/firefox28/output.css
462 silly gunzTarPerm modified mode [ 'test/fixtures/variables/support-for/firefox28/output.css',
462 silly gunzTarPerm   436,
462 silly gunzTarPerm   438 ]
463 silly gunzTarPerm extractEntry test/fixtures/variables/support-for/ie9/input.scss
464 silly gunzTarPerm modified mode [ 'test/fixtures/variables/support-for/ie9/input.scss',
464 silly gunzTarPerm   436,
464 silly gunzTarPerm   438 ]
465 silly gunzTarPerm extractEntry test/fixtures/variables/support-for/ie9/output.css
466 silly gunzTarPerm modified mode [ 'test/fixtures/variables/support-for/ie9/output.css',
466 silly gunzTarPerm   436,
466 silly gunzTarPerm   438 ]
467 silly gunzTarPerm extractEntry test/fixtures/variables/support-for/negative-value/input.scss
468 silly gunzTarPerm modified mode [ 'test/fixtures/variables/support-for/negative-value/input.scss',
468 silly gunzTarPerm   436,
468 silly gunzTarPerm   438 ]
469 silly gunzTarPerm extractEntry test/fixtures/variables/support-for/negative-value/output.css
470 silly gunzTarPerm modified mode [ 'test/fixtures/variables/support-for/negative-value/output.css',
470 silly gunzTarPerm   436,
470 silly gunzTarPerm   438 ]
471 silly gunzTarPerm extractEntry test/fixtures/variables/support-for/safari5/input.scss
472 silly gunzTarPerm modified mode [ 'test/fixtures/variables/support-for/safari5/input.scss',
472 silly gunzTarPerm   436,
472 silly gunzTarPerm   438 ]
473 silly gunzTarPerm extractEntry test/fixtures/variables/support-for/safari5/output.css
474 silly gunzTarPerm modified mode [ 'test/fixtures/variables/support-for/safari5/output.css',
474 silly gunzTarPerm   436,
474 silly gunzTarPerm   438 ]
475 silly gunzTarPerm extractEntry test/fixtures/variables/support-for/safari6/input.scss
476 silly gunzTarPerm modified mode [ 'test/fixtures/variables/support-for/safari6/input.scss',
476 silly gunzTarPerm   436,
476 silly gunzTarPerm   438 ]
477 silly gunzTarPerm extractEntry test/fixtures/variables/support-for/safari6/output.css
478 silly gunzTarPerm modified mode [ 'test/fixtures/variables/support-for/safari6/output.css',
478 silly gunzTarPerm   436,
478 silly gunzTarPerm   438 ]
479 silly gunzTarPerm extractEntry test/fixtures/variables/support-for/safari7/input.scss
480 silly gunzTarPerm modified mode [ 'test/fixtures/variables/support-for/safari7/input.scss',
480 silly gunzTarPerm   436,
480 silly gunzTarPerm   438 ]
481 silly gunzTarPerm extractEntry test/fixtures/variables/support-for/safari7/output.css
482 silly gunzTarPerm modified mode [ 'test/fixtures/variables/support-for/safari7/output.css',
482 silly gunzTarPerm   436,
482 silly gunzTarPerm   438 ]
483 silly gunzTarPerm extractEntry lib/support-for.rb
484 silly gunzTarPerm modified mode [ 'lib/support-for.rb', 436, 438 ]
485 silly gunzTarPerm extractEntry support-for.gemspec
486 silly gunzTarPerm modified mode [ 'support-for.gemspec', 436, 438 ]
487 silly gunzTarPerm extractEntry .travis.yml
488 silly gunzTarPerm modified mode [ '.travis.yml', 436, 438 ]
489 silly gunzTarPerm extractEntry sache.json
490 silly gunzTarPerm modified mode [ 'sache.json', 436, 438 ]
491 silly gunzTarPerm extractEntry sass/_support-for.scss
492 silly gunzTarPerm modified mode [ 'sass/_support-for.scss', 436, 438 ]
493 silly gunzTarPerm extractEntry test/helper.js
494 silly gunzTarPerm modified mode [ 'test/helper.js', 436, 438 ]
495 silly gunzTarPerm extractEntry test/test_support-for.js
496 silly gunzTarPerm modified mode [ 'test/test_support-for.js', 436, 438 ]
497 silly gunzTarPerm extractEntry test/.eslintrc
498 silly gunzTarPerm modified mode [ 'test/.eslintrc', 436, 438 ]
499 silly gunzTarPerm extractEntry test/fixtures/support-for/defaults/input.scss
500 silly gunzTarPerm modified mode [ 'test/fixtures/support-for/defaults/input.scss', 420, 438 ]
501 silly gunzTarPerm extractEntry test/fixtures/support-for/defaults/output.css
502 silly gunzTarPerm modified mode [ 'test/fixtures/support-for/defaults/output.css', 420, 438 ]
503 silly gunzTarPerm extractEntry test/fixtures/support-for/error-browser-integer/input.scss
504 silly gunzTarPerm modified mode [ 'test/fixtures/support-for/error-browser-integer/input.scss',
504 silly gunzTarPerm   420,
504 silly gunzTarPerm   438 ]
505 silly gunzTarPerm extractEntry test/fixtures/support-for/error-browser-integer/output.css
506 silly gunzTarPerm modified mode [ 'test/fixtures/support-for/error-browser-integer/output.css',
506 silly gunzTarPerm   420,
506 silly gunzTarPerm   438 ]
507 silly gunzTarPerm extractEntry test/fixtures/support-for/error-browser-number/input.scss
508 silly gunzTarPerm modified mode [ 'test/fixtures/support-for/error-browser-number/input.scss',
508 silly gunzTarPerm   420,
508 silly gunzTarPerm   438 ]
509 silly gunzTarPerm extractEntry test/fixtures/support-for/error-browser-number/output.css
510 silly gunzTarPerm modified mode [ 'test/fixtures/support-for/error-browser-number/output.css',
510 silly gunzTarPerm   420,
510 silly gunzTarPerm   438 ]
511 silly gunzTarPerm extractEntry test/fixtures/support-for/error-current-browser/input.scss
512 silly gunzTarPerm modified mode [ 'test/fixtures/support-for/error-current-browser/input.scss',
512 silly gunzTarPerm   420,
512 silly gunzTarPerm   438 ]
513 silly gunzTarPerm extractEntry test/fixtures/support-for/error-current-browser/output.css
514 silly gunzTarPerm modified mode [ 'test/fixtures/support-for/error-current-browser/output.css',
514 silly gunzTarPerm   420,
514 silly gunzTarPerm   438 ]
515 silly gunzTarPerm extractEntry test/fixtures/support-for/error-version/input.scss
516 silly gunzTarPerm modified mode [ 'test/fixtures/support-for/error-version/input.scss',
516 silly gunzTarPerm   420,
516 silly gunzTarPerm   438 ]
517 silly gunzTarPerm extractEntry test/fixtures/support-for/error-version/output.css
518 silly gunzTarPerm modified mode [ 'test/fixtures/support-for/error-version/output.css',
518 silly gunzTarPerm   420,
518 silly gunzTarPerm   438 ]
519 silly gunzTarPerm extractEntry test/fixtures/support-for/negative-version/input.scss
520 silly gunzTarPerm modified mode [ 'test/fixtures/support-for/negative-version/input.scss',
520 silly gunzTarPerm   420,
520 silly gunzTarPerm   438 ]
521 silly gunzTarPerm extractEntry test/fixtures/support-for/negative-version/output.css
522 silly gunzTarPerm modified mode [ 'test/fixtures/support-for/negative-version/output.css',
522 silly gunzTarPerm   420,
522 silly gunzTarPerm   438 ]
523 silly gunzTarPerm extractEntry test/fixtures/support-for/null-version/input.scss
524 silly gunzTarPerm modified mode [ 'test/fixtures/support-for/null-version/input.scss', 420, 438 ]
525 silly gunzTarPerm extractEntry test/fixtures/support-for/null-version/output.css
526 silly gunzTarPerm modified mode [ 'test/fixtures/support-for/null-version/output.css', 420, 438 ]
527 silly gunzTarPerm extractEntry test/fixtures/support-for/wildcard-browser/input.scss
528 silly gunzTarPerm modified mode [ 'test/fixtures/support-for/wildcard-browser/input.scss',
528 silly gunzTarPerm   420,
528 silly gunzTarPerm   438 ]
529 silly gunzTarPerm extractEntry test/fixtures/support-for/wildcard-browser/output.css
530 silly gunzTarPerm modified mode [ 'test/fixtures/support-for/wildcard-browser/output.css',
530 silly gunzTarPerm   420,
530 silly gunzTarPerm   438 ]
531 silly doParallel preinstall 2
532 silly preinstall support-for@1.0.3 C:\OpenServer\domains\gradproject2\node_modules\.staging\support-for-d5c1069214a93b99f312cf274d3cfe94
533 info lifecycle support-for@1.0.3~preinstall: support-for@1.0.3
534 silly preinstall normalize-scss@4.0.3 C:\OpenServer\domains\gradproject2\node_modules\.staging\normalize-scss-dd928e139b468452809dfc92a9156728
535 info lifecycle normalize-scss@4.0.3~preinstall: normalize-scss@4.0.3
536 silly lifecycle support-for@1.0.3~preinstall: no script for preinstall, continuing
537 silly lifecycle normalize-scss@4.0.3~preinstall: no script for preinstall, continuing
538 silly doReverseSerial remove 0
539 silly doSerial move 0
540 silly doSerial finalize 2
541 silly finalize C:\OpenServer\domains\gradproject2\node_modules\support-for
542 verbose unlock done using C:\Users\Roma\AppData\Roaming\npm-cache\_locks\staging-7ec962f8538b03e4.lock for C:\OpenServer\domains\gradproject2\node_modules\.staging
543 silly rollbackFailedOptional Starting
544 silly rollbackFailedOptional Finishing
545 silly runTopLevelLifecycles Starting
546 silly runTopLevelLifecycles Finishing
547 silly install printInstalled
548 warn EJSONPARSE Failed to parse json
548 warn EJSONPARSE No data, empty input at 1:1
548 warn EJSONPARSE
548 warn EJSONPARSE ^
549 warn EPACKAGEJSON gradproject2 No description
550 warn EPACKAGEJSON gradproject2 No repository field.
551 warn EPACKAGEJSON gradproject2 No README data
552 warn EPACKAGEJSON gradproject2 No license field.
553 verbose stack Error: EPERM: operation not permitted, rename 'C:\OpenServer\domains\gradproject2\node_modules\.staging\support-for-d5c1069214a93b99f312cf274d3cfe94' -> 'C:\OpenServer\domains\gradproject2\node_modules\support-for'
553 verbose stack     at Error (native)
554 verbose cwd C:\OpenServer\domains\gradproject2
555 error Windows_NT 6.1.7601
556 error argv "C:\\Program Files\\nodejs\\node.exe" "C:\\Program Files\\nodejs\\node_modules\\npm\\bin\\npm-cli.js" "install" "--save" "normalize-scss"
557 error node v5.1.0
558 error npm  v3.3.12
559 error path C:\OpenServer\domains\gradproject2\node_modules\.staging\support-for-d5c1069214a93b99f312cf274d3cfe94
560 error code EPERM
561 error errno -4048
562 error syscall rename
563 error Error: EPERM: operation not permitted, rename 'C:\OpenServer\domains\gradproject2\node_modules\.staging\support-for-d5c1069214a93b99f312cf274d3cfe94' -> 'C:\OpenServer\domains\gradproject2\node_modules\support-for'
563 error     at Error (native)
563 error  { [Error: EPERM: operation not permitted, rename 'C:\OpenServer\domains\gradproject2\node_modules\.staging\support-for-d5c1069214a93b99f312cf274d3cfe94' -> 'C:\OpenServer\domains\gradproject2\node_modules\support-for']
563 error   errno: -4048,
563 error   code: 'EPERM',
563 error   syscall: 'rename',
563 error   path: 'C:\\OpenServer\\domains\\gradproject2\\node_modules\\.staging\\support-for-d5c1069214a93b99f312cf274d3cfe94',
563 error   dest: 'C:\\OpenServer\\domains\\gradproject2\\node_modules\\support-for' }
564 error Please try running this command again as root/Administrator.
565 verbose exit [ -4048, true ]
